[0.020s] Invoking command in '/workspace/ros_ws/src/master/build/master': CMAKE_PREFIX_PATH=${CMAKE_PREFIX_PATH}:/opt/ros/jazzy /usr/bin/cmake --build /workspace/ros_ws/src/master/build/master -- -j12 -l12
[0.125s] [ 50%] [32mBuilding CXX object CMakeFiles/master_node.dir/src/theMaster.cpp.o[0m
[3.269s] [01m[K/workspace/ros_ws/src/master/src/theMaster.cpp:[m[K In lambda function:
[3.270s] [01m[K/workspace/ros_ws/src/master/src/theMaster.cpp:88:15:[m[K [01;31m[Kerror: [m[Kâ€˜[01m[Kfspeed[m[Kâ€™ is not captured
[3.270s]    88 |               [01;31m[Kfspeed[m[K = *empty;
[3.271s]       |               [01;31m[K^~~~~~[m[K
[3.271s] [01m[K/workspace/ros_ws/src/master/src/theMaster.cpp:79:14:[m[K [01;36m[Knote: [m[Kthe lambda has no capture-default
[3.271s]    79 |         [this[01;36m[K][m[K() -> void
[3.271s]       |              [01;36m[K^[m[K
[3.271s] [01m[K/workspace/ros_ws/src/master/src/theMaster.cpp:57:20:[m[K [01;36m[Knote: [m[Kâ€˜[01m[Kfloat* fspeed[m[Kâ€™ declared here
[3.271s]    57 |     reTwist([01;36m[Kfloat* fspeed[m[K, float* rspeed, int* mode) : Node("reTwist"), count_(0)
[3.272s]       |             [01;36m[K~~~~~~~^~~~~~[m[K
[3.272s] [01m[K/workspace/ros_ws/src/master/src/theMaster.cpp:88:24:[m[K [01;31m[Kerror: [m[Kinvalid type argument of unary â€˜[01m[K*[m[Kâ€™ (have â€˜[01m[Kfloat[m[Kâ€™)
[3.272s]    88 |               fspeed = [01;31m[K*empty[m[K;
[3.272s]       |                        [01;31m[K^~~~~~[m[K
[3.272s] [01m[K/workspace/ros_ws/src/master/src/theMaster.cpp:89:15:[m[K [01;31m[Kerror: [m[Kâ€˜[01m[Krspeed[m[Kâ€™ is not captured
[3.272s]    89 |               [01;31m[Krspeed[m[K = *empty;
[3.273s]       |               [01;31m[K^~~~~~[m[K
[3.273s] [01m[K/workspace/ros_ws/src/master/src/theMaster.cpp:79:14:[m[K [01;36m[Knote: [m[Kthe lambda has no capture-default
[3.273s]    79 |         [this[01;36m[K][m[K() -> void
[3.273s]       |              [01;36m[K^[m[K
[3.273s] [01m[K/workspace/ros_ws/src/master/src/theMaster.cpp:57:35:[m[K [01;36m[Knote: [m[Kâ€˜[01m[Kfloat* rspeed[m[Kâ€™ declared here
[3.273s]    57 |     reTwist(float* fspeed, [01;36m[Kfloat* rspeed[m[K, int* mode) : Node("reTwist"), count_(0)
[3.273s]       |                            [01;36m[K~~~~~~~^~~~~~[m[K
[3.274s] [01m[K/workspace/ros_ws/src/master/src/theMaster.cpp:89:24:[m[K [01;31m[Kerror: [m[Kinvalid type argument of unary â€˜[01m[K*[m[Kâ€™ (have â€˜[01m[Kfloat[m[Kâ€™)
[3.274s]    89 |               rspeed = [01;31m[K*empty[m[K;
[3.274s]       |                        [01;31m[K^~~~~~[m[K
[3.274s] [01m[K/workspace/ros_ws/src/master/src/theMaster.cpp:94:15:[m[K [01;31m[Kerror: [m[Kâ€˜[01m[Kfspeed[m[Kâ€™ is not captured
[3.274s]    94 |               [01;31m[Kfspeed[m[K = *twistf;
[3.274s]       |               [01;31m[K^~~~~~[m[K
[3.274s] [01m[K/workspace/ros_ws/src/master/src/theMaster.cpp:79:14:[m[K [01;36m[Knote: [m[Kthe lambda has no capture-default
[3.275s]    79 |         [this[01;36m[K][m[K() -> void
[3.275s]       |              [01;36m[K^[m[K
[3.275s] [01m[K/workspace/ros_ws/src/master/src/theMaster.cpp:57:20:[m[K [01;36m[Knote: [m[Kâ€˜[01m[Kfloat* fspeed[m[Kâ€™ declared here
[3.275s]    57 |     reTwist([01;36m[Kfloat* fspeed[m[K, float* rspeed, int* mode) : Node("reTwist"), count_(0)
[3.275s]       |             [01;36m[K~~~~~~~^~~~~~[m[K
[3.276s] [01m[K/workspace/ros_ws/src/master/src/theMaster.cpp:95:15:[m[K [01;31m[Kerror: [m[Kâ€˜[01m[Krspeed[m[Kâ€™ is not captured
[3.276s]    95 |               [01;31m[Krspeed[m[K = *twistr;
[3.276s]       |               [01;31m[K^~~~~~[m[K
[3.276s] [01m[K/workspace/ros_ws/src/master/src/theMaster.cpp:79:14:[m[K [01;36m[Knote: [m[Kthe lambda has no capture-default
[3.276s]    79 |         [this[01;36m[K][m[K() -> void
[3.276s]       |              [01;36m[K^[m[K
[3.276s] [01m[K/workspace/ros_ws/src/master/src/theMaster.cpp:57:35:[m[K [01;36m[Knote: [m[Kâ€˜[01m[Kfloat* rspeed[m[Kâ€™ declared here
[3.277s]    57 |     reTwist(float* fspeed, [01;36m[Kfloat* rspeed[m[K, int* mode) : Node("reTwist"), count_(0)
[3.277s]       |                            [01;36m[K~~~~~~~^~~~~~[m[K
[3.277s] [01m[K/workspace/ros_ws/src/master/src/theMaster.cpp:100:15:[m[K [01;31m[Kerror: [m[Kâ€˜[01m[Kfspeed[m[Kâ€™ is not captured
[3.277s]   100 |               [01;31m[Kfspeed[m[K = *navf;
[3.277s]       |               [01;31m[K^~~~~~[m[K
[3.277s] [01m[K/workspace/ros_ws/src/master/src/theMaster.cpp:79:14:[m[K [01;36m[Knote: [m[Kthe lambda has no capture-default
[3.278s]    79 |         [this[01;36m[K][m[K() -> void
[3.278s]       |              [01;36m[K^[m[K
[3.278s] [01m[K/workspace/ros_ws/src/master/src/theMaster.cpp:57:20:[m[K [01;36m[Knote: [m[Kâ€˜[01m[Kfloat* fspeed[m[Kâ€™ declared here
[3.278s]    57 |     reTwist([01;36m[Kfloat* fspeed[m[K, float* rspeed, int* mode) : Node("reTwist"), count_(0)
[3.278s]       |             [01;36m[K~~~~~~~^~~~~~[m[K
[3.278s] [01m[K/workspace/ros_ws/src/master/src/theMaster.cpp:101:15:[m[K [01;31m[Kerror: [m[Kâ€˜[01m[Krspeed[m[Kâ€™ is not captured
[3.279s]   101 |               [01;31m[Krspeed[m[K = *navr;
[3.279s]       |               [01;31m[K^~~~~~[m[K
[3.279s] [01m[K/workspace/ros_ws/src/master/src/theMaster.cpp:79:14:[m[K [01;36m[Knote: [m[Kthe lambda has no capture-default
[3.279s]    79 |         [this[01;36m[K][m[K() -> void
[3.279s]       |              [01;36m[K^[m[K
[3.279s] [01m[K/workspace/ros_ws/src/master/src/theMaster.cpp:57:35:[m[K [01;36m[Knote: [m[Kâ€˜[01m[Kfloat* rspeed[m[Kâ€™ declared here
[3.279s]    57 |     reTwist(float* fspeed, [01;36m[Kfloat* rspeed[m[K, int* mode) : Node("reTwist"), count_(0)
[3.280s]       |                            [01;36m[K~~~~~~~^~~~~~[m[K
[7.057s] gmake[2]: *** [CMakeFiles/master_node.dir/build.make:76: CMakeFiles/master_node.dir/src/theMaster.cpp.o] Error 1
[7.057s] gmake[1]: *** [CMakeFiles/Makefile2:137: CMakeFiles/master_node.dir/all] Error 2
[7.057s] gmake: *** [Makefile:146: all] Error 2
[7.057s] Invoked command in '/workspace/ros_ws/src/master/build/master' returned '2': CMAKE_PREFIX_PATH=${CMAKE_PREFIX_PATH}:/opt/ros/jazzy /usr/bin/cmake --build /workspace/ros_ws/src/master/build/master -- -j12 -l12
