[0.026s] Invoking command in '/workspace/ros_ws/src/master/build/master': CMAKE_PREFIX_PATH=${CMAKE_PREFIX_PATH}:/opt/ros/jazzy /usr/bin/cmake --build /workspace/ros_ws/src/master/build/master -- -j12 -l12
[0.139s] [ 50%] [32mBuilding CXX object CMakeFiles/master_node.dir/src/theMaster.cpp.o[0m
[0.531s] [01m[K/workspace/ros_ws/src/master/src/theMaster.cpp:25:20:[m[K [01;35m[Kwarning: [m[Kfixed-point constants are a GCC extension
[0.532s]    25 |             "joy", [01;35m[K10k[m[K std::bind(&vMaster::joyCallback, this, std::placeholders::_1));
[0.532s]       |                    [01;35m[K^~~[m[K
[2.093s] [01m[K/workspace/ros_ws/src/master/src/theMaster.cpp:19:5:[m[K [01;31m[Kerror: [m[KISO C++ forbids declaration of â€˜[01m[KvMaster[m[Kâ€™ with no type [[01;31m[K]8;;https://gcc.gnu.org/onlinedocs/gcc/Warning-Options.html#index-fpermissive-fpermissive]8;;[m[K]
[2.093s]    19 |     [01;31m[KvMaster[m[K(bool* manualbutt , bool* autobutt, bool* deadswitch) : Node("vMaster")
[2.093s]       |     [01;31m[K^~~~~~~[m[K
[2.110s] [01m[K/workspace/ros_ws/src/master/src/theMaster.cpp:[m[K In member function â€˜[01m[Kint joyreader::[01;32m[KvMaster[m[K(bool*, bool*, bool*)[m[Kâ€™:
[2.110s] [01m[K/workspace/ros_ws/src/master/src/theMaster.cpp:19:68:[m[K [01;31m[Kerror: [m[Konly constructors take member initializers
[2.110s]    19 |     vMaster(bool* manualbutt , bool* autobutt, bool* deadswitch) : [01;31m[KNode[m[K("vMaster")
[2.110s]       |                                                                    [01;31m[K^~~~[m[K
[2.110s] [01m[K/workspace/ros_ws/src/master/src/theMaster.cpp:25:20:[m[K [01;31m[Kerror: [m[Kfixed-point types not supported in C++
[2.110s]    25 |             "joy", [01;31m[K10k[m[K std::bind(&vMaster::joyCallback, this, std::placeholders::_1));
[2.110s]       |                    [01;31m[K^~~[m[K
[2.110s] [01m[K/workspace/ros_ws/src/master/src/theMaster.cpp:27:9:[m[K [01;35m[Kwarning: [m[Kno return statement in function returning non-void [[01;35m[K]8;;https://gcc.gnu.org/onlinedocs/gcc/Warning-Options.html#index-Wreturn-type-Wreturn-type]8;;[m[K]
[2.110s]    27 |         [01;35m[K}[m[K
[2.110s]       |         [01;35m[K^[m[K
[2.111s] [01m[K/workspace/ros_ws/src/master/src/theMaster.cpp:[m[K In member function â€˜[01m[Kvoid joyreader::[01;32m[KjoyCallback[m[K(sensor_msgs::msg::Joy_<std::allocator<void> >::SharedPtr)[m[Kâ€™:
[2.111s] [01m[K/workspace/ros_ws/src/master/src/theMaster.cpp:34:19:[m[K [01;31m[Kerror: [m[Kinvalid type argument of unary â€˜[01m[K*[m[Kâ€™ (have â€˜[01m[Kbool[m[Kâ€™)
[2.112s]    34 |           mbutt = [01;31m[K*obutton[m[K;
[2.112s]       |                   [01;31m[K^~~~~~~~[m[K
[2.112s] [01m[K/workspace/ros_ws/src/master/src/theMaster.cpp:35:19:[m[K [01;31m[Kerror: [m[Kinvalid type argument of unary â€˜[01m[K*[m[Kâ€™ (have â€˜[01m[Kbool[m[Kâ€™)
[2.112s]    35 |           abutt = [01;31m[K*xbutton[m[K;
[2.112s]       |                   [01;31m[K^~~~~~~~[m[K
[3.802s] gmake[2]: *** [CMakeFiles/master_node.dir/build.make:76: CMakeFiles/master_node.dir/src/theMaster.cpp.o] Error 1
[3.803s] gmake[1]: *** [CMakeFiles/Makefile2:137: CMakeFiles/master_node.dir/all] Error 2
[3.803s] gmake: *** [Makefile:146: all] Error 2
[3.805s] Invoked command in '/workspace/ros_ws/src/master/build/master' returned '2': CMAKE_PREFIX_PATH=${CMAKE_PREFIX_PATH}:/opt/ros/jazzy /usr/bin/cmake --build /workspace/ros_ws/src/master/build/master -- -j12 -l12
