[0.022s] Invoking command in '/workspace/ros_ws/src/master/build/master': CMAKE_PREFIX_PATH=${CMAKE_PREFIX_PATH}:/opt/ros/jazzy /usr/bin/cmake --build /workspace/ros_ws/src/master/build/master -- -j12 -l12
[0.099s] [ 50%] [32mBuilding CXX object CMakeFiles/master_node.dir/src/theMaster.cpp.o[0m
[2.996s] [01m[K/workspace/ros_ws/src/master/src/theMaster.cpp:[m[K In constructor â€˜[01m[KreTwist::[01;32m[KreTwist[m[K(float*, float*, int*)[m[Kâ€™:
[2.996s] [01m[K/workspace/ros_ws/src/master/src/theMaster.cpp:60:14:[m[K [01;31m[Kerror: [m[Kcannot convert â€˜[01m[Kfloat**[m[Kâ€™ to â€˜[01m[Kfloat*[m[Kâ€™ in assignment
[2.996s]    60 |       retf = [01;31m[K&fspeed[m[K;
[2.996s]       |              [01;31m[K^~~~~~~[m[K
[2.996s]       |              [01;31m[K|[m[K
[2.996s]       |              [01;31m[Kfloat**[m[K
[2.997s] [01m[K/workspace/ros_ws/src/master/src/theMaster.cpp:61:14:[m[K [01;31m[Kerror: [m[Kcannot convert â€˜[01m[Kfloat**[m[Kâ€™ to â€˜[01m[Kfloat*[m[Kâ€™ in assignment
[2.997s]    61 |       reta = [01;31m[K&rspeed[m[K;
[2.997s]       |              [01;31m[K^~~~~~~[m[K
[2.997s]       |              [01;31m[K|[m[K
[2.997s]       |              [01;31m[Kfloat**[m[K
[3.001s] [01m[K/workspace/ros_ws/src/master/src/theMaster.cpp:[m[K In lambda function:
[3.002s] [01m[K/workspace/ros_ws/src/master/src/theMaster.cpp:89:22:[m[K [01;31m[Kerror: [m[Kinvalid type argument of unary â€˜[01m[K*[m[Kâ€™ (have â€˜[01m[Kfloat[m[Kâ€™)
[3.002s]    89 |               retf = [01;31m[K*empty[m[K;
[3.002s]       |                      [01;31m[K^~~~~~[m[K
[3.002s] [01m[K/workspace/ros_ws/src/master/src/theMaster.cpp:90:22:[m[K [01;31m[Kerror: [m[Kinvalid type argument of unary â€˜[01m[K*[m[Kâ€™ (have â€˜[01m[Kfloat[m[Kâ€™)
[3.002s]    90 |               reta = [01;31m[K*empty[m[K;
[3.002s]       |                      [01;31m[K^~~~~~[m[K
[7.026s] gmake[2]: *** [CMakeFiles/master_node.dir/build.make:76: CMakeFiles/master_node.dir/src/theMaster.cpp.o] Error 1
[7.027s] gmake[1]: *** [CMakeFiles/Makefile2:137: CMakeFiles/master_node.dir/all] Error 2
[7.027s] gmake: *** [Makefile:146: all] Error 2
[7.032s] Invoked command in '/workspace/ros_ws/src/master/build/master' returned '2': CMAKE_PREFIX_PATH=${CMAKE_PREFIX_PATH}:/opt/ros/jazzy /usr/bin/cmake --build /workspace/ros_ws/src/master/build/master -- -j12 -l12
