[01m[K/workspace/ros_ws/src/master/src/theMaster.cpp:10:10:[m[K [01;31m[Kfatal error: [m[Ksensor_msgs: No such file or directory
   10 | #include [01;31m[K<sensor_msgs>[m[K
      |          [01;31m[K^~~~~~~~~~~~~[m[K
compilation terminated.
gmake[2]: *** [CMakeFiles/master_node.dir/build.make:76: CMakeFiles/master_node.dir/src/theMaster.cpp.o] Error 1
gmake[1]: *** [CMakeFiles/Makefile2:137: CMakeFiles/master_node.dir/all] Error 2
gmake: *** [Makefile:146: all] Error 2
