[0.015s] Invoking command in '/workspace/ros_ws/src/master/build/master': CMAKE_PREFIX_PATH=${CMAKE_PREFIX_PATH}:/opt/ros/jazzy /usr/bin/cmake --build /workspace/ros_ws/src/master/build/master -- -j12 -l12
[0.139s] [ 50%] [32mBuilding CXX object CMakeFiles/master_node.dir/src/theMaster.cpp.o[0m
[2.306s] [01m[K/workspace/ros_ws/src/master/src/theMaster.cpp:58:21:[m[K [01;31m[Kerror: [m[Kâ€˜[01m[Kstd_msgs[m[Kâ€™ was not declared in this scope
[2.306s]    58 |   rclcpp::Publisher<[01;31m[Kstd_msgs[m[K::msg::String>::SharedPtr publisher_;
[2.306s]       |                     [01;31m[K^~~~~~~~[m[K
[2.306s] [01m[K/workspace/ros_ws/src/master/src/theMaster.cpp:58:42:[m[K [01;31m[Kerror: [m[Ktemplate argument 1 is invalid
[2.306s]    58 |   rclcpp::Publisher<std_msgs::msg::String[01;31m[K>[m[K::SharedPtr publisher_;
[2.306s]       |                                          [01;31m[K^[m[K
[2.306s] [01m[K/workspace/ros_ws/src/master/src/theMaster.cpp:58:45:[m[K [01;31m[Kerror: [m[Kexpected â€˜[01m[K;[m[Kâ€™ at end of member declaration
[2.306s]    58 |   rclcpp::Publisher<std_msgs::msg::String>::[01;31m[KSharedPtr[m[K publisher_;
[2.306s]       |                                             [01;31m[K^~~~~~~~~[m[K
[2.306s]       |                                                      [32m[K;[m[K
[2.307s] [01m[K/workspace/ros_ws/src/master/src/theMaster.cpp:58:55:[m[K [01;31m[Kerror: [m[Kâ€˜[01m[Kpublisher_[m[Kâ€™ does not name a type; did you mean â€˜[01m[Krmw_publisher_t[m[Kâ€™?
[2.308s]    58 |   rclcpp::Publisher<std_msgs::msg::String>::SharedPtr [01;31m[Kpublisher_[m[K;
[2.308s]       |                                                       [01;31m[K^~~~~~~~~~[m[K
[2.308s]       |                                                       [32m[Krmw_publisher_t[m[K
[2.308s] [01m[K/workspace/ros_ws/src/master/src/theMaster.cpp:60:2:[m[K [01;31m[Kerror: [m[Kexpected â€˜[01m[K;[m[Kâ€™ after class definition
[2.308s]    60 | }
[2.308s]       |  [01;31m[K^[m[K
[2.308s]       |  [32m[K;[m[K
[2.314s] [01m[K/workspace/ros_ws/src/master/src/theMaster.cpp:[m[K In constructor â€˜[01m[KreTwist::[01;32m[KreTwist[m[K(bool*, float*, float*)[m[Kâ€™:
[2.315s] [01m[K/workspace/ros_ws/src/master/src/theMaster.cpp:45:5:[m[K [01;31m[Kerror: [m[Kâ€˜[01m[Kcmdvelpub_[m[Kâ€™ was not declared in this scope
[2.315s]    45 |     [01;31m[Kcmdvelpub_[m[K = this->create_publisher<geometry_msgs::msg::Twist>("cmd_vel", 10);
[2.315s]       |     [01;31m[K^~~~~~~~~~[m[K
[2.317s] [01m[K/workspace/ros_ws/src/master/src/theMaster.cpp:[m[K In lambda function:
[2.317s] [01m[K/workspace/ros_ws/src/master/src/theMaster.cpp:50:16:[m[K [01;31m[Kerror: [m[Kbase operand of â€˜[01m[K->[m[Kâ€™ has non-pointer type â€˜[01m[Kgeometry_msgs::msg::Twist_<std::allocator<void> >[m[Kâ€™
[2.317s]    50 |         message[01;31m[K->[m[Klinear.x = fspeed;
[2.317s]       |                [01;31m[K^~[m[K
[2.317s] [01m[K/workspace/ros_ws/src/master/src/theMaster.cpp:50:29:[m[K [01;31m[Kerror: [m[Kâ€˜[01m[Kfspeed[m[Kâ€™ is not captured
[2.317s]    50 |         message->linear.x = [01;31m[Kfspeed[m[K;
[2.317s]       |                             [01;31m[K^~~~~~[m[K
[2.317s] [01m[K/workspace/ros_ws/src/master/src/theMaster.cpp:47:12:[m[K [01;36m[Knote: [m[Kthe lambda has no capture-default
[2.317s]    47 |       [this[01;36m[K][m[K() -> void
[2.318s]       |            [01;36m[K^[m[K
[2.318s] [01m[K/workspace/ros_ws/src/master/src/theMaster.cpp:43:32:[m[K [01;36m[Knote: [m[Kâ€˜[01m[Kfloat* fspeed[m[Kâ€™ declared here
[2.318s]    43 |   reTwist(bool* active, [01;36m[Kfloat* fspeed[m[K, float* rspeed): Node("reTwist"), count_(0)
[2.318s]       |                         [01;36m[K~~~~~~~^~~~~~[m[K
[2.318s] [01m[K/workspace/ros_ws/src/master/src/theMaster.cpp:51:16:[m[K [01;31m[Kerror: [m[Kbase operand of â€˜[01m[K->[m[Kâ€™ has non-pointer type â€˜[01m[Kgeometry_msgs::msg::Twist_<std::allocator<void> >[m[Kâ€™
[2.318s]    51 |         message[01;31m[K->[m[Kangular.z = rspeed;
[2.318s]       |                [01;31m[K^~[m[K
[2.318s] [01m[K/workspace/ros_ws/src/master/src/theMaster.cpp:51:30:[m[K [01;31m[Kerror: [m[Kâ€˜[01m[Krspeed[m[Kâ€™ is not captured
[2.318s]    51 |         message->angular.z = [01;31m[Krspeed[m[K;
[2.319s]       |                              [01;31m[K^~~~~~[m[K
[2.319s] [01m[K/workspace/ros_ws/src/master/src/theMaster.cpp:47:12:[m[K [01;36m[Knote: [m[Kthe lambda has no capture-default
[2.319s]    47 |       [this[01;36m[K][m[K() -> void
[2.319s]       |            [01;36m[K^[m[K
[2.319s] [01m[K/workspace/ros_ws/src/master/src/theMaster.cpp:43:47:[m[K [01;36m[Knote: [m[Kâ€˜[01m[Kfloat* rspeed[m[Kâ€™ declared here
[2.319s]    43 |   reTwist(bool* active, float* fspeed, [01;36m[Kfloat* rspeed[m[K): Node("reTwist"), count_(0)
[2.319s]       |                                        [01;36m[K~~~~~~~^~~~~~[m[K
[2.319s] [01m[K/workspace/ros_ws/src/master/src/theMaster.cpp:52:15:[m[K [01;31m[Kerror: [m[Kâ€˜[01m[Kclass reTwist[m[Kâ€™ has no member named â€˜[01m[Kcmdvelpub_[m[Kâ€™
[2.319s]    52 |         this->[01;31m[Kcmdvelpub_[m[K->publish(message);
[2.319s]       |               [01;31m[K^~~~~~~~~~[m[K
[2.320s] [01m[K/workspace/ros_ws/src/master/src/theMaster.cpp:[m[K In constructor â€˜[01m[KreTwist::[01;32m[KreTwist[m[K(bool*, float*, float*)[m[Kâ€™:
[2.320s] [01m[K/workspace/ros_ws/src/master/src/theMaster.cpp:43:17:[m[K [01;35m[Kwarning: [m[Kunused parameter â€˜[01m[Kactive[m[Kâ€™ [[01;35m[K]8;;https://gcc.gnu.org/onlinedocs/gcc/Warning-Options.html#index-Wunused-parameter-Wunused-parameter]8;;[m[K]
[2.320s]    43 |   reTwist([01;35m[Kbool* active[m[K, float* fspeed, float* rspeed): Node("reTwist"), count_(0)
[2.320s]       |           [01;35m[K~~~~~~^~~~~~[m[K
[2.323s] [01m[K/workspace/ros_ws/src/master/src/theMaster.cpp:[m[K In function â€˜[01m[Kint[01;32m[K main[m[K(int, char**)[m[Kâ€™:
[2.323s] [01m[K/workspace/ros_ws/src/master/src/theMaster.cpp:81:61:[m[K [01;31m[Kerror: [m[Kâ€˜[01m[Kfs[m[Kâ€™ was not declared in this scope; did you mean â€˜[01m[Krcpputils::fs[m[Kâ€™?
[2.323s]    81 |   auto moveNode = std::make_shared<reTwist>(&activebutton, &[01;31m[Kfs[m[K, &rs);
[2.323s]       |                                                             [01;31m[K^~[m[K
[2.323s]       |                                                             [32m[Krcpputils::fs[m[K
[2.323s] In file included from [01m[K/opt/ros/jazzy/include/rclcpp/rclcpp/logger.hpp:26[m[K,
[2.323s]                  from [01m[K/opt/ros/jazzy/include/rclcpp/rclcpp/copy_all_parameter_values.hpp:26[m[K,
[2.323s]                  from [01m[K/opt/ros/jazzy/include/rclcpp/rclcpp/rclcpp.hpp:171[m[K,
[2.323s]                  from [01m[K/workspace/ros_ws/src/master/src/theMaster.cpp:8[m[K:
[2.323s] [01m[K/opt/ros/jazzy/include/rcpputils/rcpputils/filesystem_helper.hpp:50:11:[m[K [01;36m[Knote: [m[Kâ€˜[01m[Krcpputils::fs[m[Kâ€™ declared here
[2.323s]    50 | namespace [01;36m[Kfs[m[K
[2.324s]       |           [01;36m[K^~[m[K
[2.325s] [01m[K/workspace/ros_ws/src/master/src/theMaster.cpp:81:66:[m[K [01;31m[Kerror: [m[Kâ€˜[01m[Krs[m[Kâ€™ was not declared in this scope; did you mean â€˜[01m[KrS[m[Kâ€™?
[2.326s]    81 |   auto moveNode = std::make_shared<reTwist>(&activebutton, &fs, &[01;31m[Krs[m[K);
[2.326s]       |                                                                  [01;31m[K^~[m[K
[2.326s]       |                                                                  [32m[KrS[m[K
[4.140s] gmake[2]: *** [CMakeFiles/master_node.dir/build.make:76: CMakeFiles/master_node.dir/src/theMaster.cpp.o] Error 1
[4.141s] gmake[1]: *** [CMakeFiles/Makefile2:137: CMakeFiles/master_node.dir/all] Error 2
[4.141s] gmake: *** [Makefile:146: all] Error 2
[4.143s] Invoked command in '/workspace/ros_ws/src/master/build/master' returned '2': CMAKE_PREFIX_PATH=${CMAKE_PREFIX_PATH}:/opt/ros/jazzy /usr/bin/cmake --build /workspace/ros_ws/src/master/build/master -- -j12 -l12
