[ 50%] [32mBuilding CXX object CMakeFiles/master_node.dir/src/theMaster.cpp.o[0m
[01m[K/workspace/ros_ws/src/master/src/theMaster.cpp:58:21:[m[K [01;31m[Kerror: [m[Kâ€˜[01m[Kstd_msgs[m[Kâ€™ was not declared in this scope
   58 |   rclcpp::Publisher<[01;31m[Kstd_msgs[m[K::msg::String>::SharedPtr publisher_;
      |                     [01;31m[K^~~~~~~~[m[K
[01m[K/workspace/ros_ws/src/master/src/theMaster.cpp:58:42:[m[K [01;31m[Kerror: [m[Ktemplate argument 1 is invalid
   58 |   rclcpp::Publisher<std_msgs::msg::String[01;31m[K>[m[K::SharedPtr publisher_;
      |                                          [01;31m[K^[m[K
[01m[K/workspace/ros_ws/src/master/src/theMaster.cpp:58:45:[m[K [01;31m[Kerror: [m[Kexpected â€˜[01m[K;[m[Kâ€™ at end of member declaration
   58 |   rclcpp::Publisher<std_msgs::msg::String>::[01;31m[KSharedPtr[m[K publisher_;
      |                                             [01;31m[K^~~~~~~~~[m[K
      |                                                      [32m[K;[m[K
[01m[K/workspace/ros_ws/src/master/src/theMaster.cpp:58:55:[m[K [01;31m[Kerror: [m[Kâ€˜[01m[Kpublisher_[m[Kâ€™ does not name a type; did you mean â€˜[01m[Krmw_publisher_t[m[Kâ€™?
   58 |   rclcpp::Publisher<std_msgs::msg::String>::SharedPtr [01;31m[Kpublisher_[m[K;
      |                                                       [01;31m[K^~~~~~~~~~[m[K
      |                                                       [32m[Krmw_publisher_t[m[K
[01m[K/workspace/ros_ws/src/master/src/theMaster.cpp:60:2:[m[K [01;31m[Kerror: [m[Kexpected â€˜[01m[K;[m[Kâ€™ after class definition
   60 | }
      |  [01;31m[K^[m[K
      |  [32m[K;[m[K
[01m[K/workspace/ros_ws/src/master/src/theMaster.cpp:[m[K In constructor â€˜[01m[KreTwist::[01;32m[KreTwist[m[K(bool*, float*, float*)[m[Kâ€™:
[01m[K/workspace/ros_ws/src/master/src/theMaster.cpp:45:5:[m[K [01;31m[Kerror: [m[Kâ€˜[01m[Kcmdvelpub_[m[Kâ€™ was not declared in this scope
   45 |     [01;31m[Kcmdvelpub_[m[K = this->create_publisher<geometry_msgs::msg::Twist>("cmd_vel", 10);
      |     [01;31m[K^~~~~~~~~~[m[K
[01m[K/workspace/ros_ws/src/master/src/theMaster.cpp:[m[K In lambda function:
[01m[K/workspace/ros_ws/src/master/src/theMaster.cpp:50:16:[m[K [01;31m[Kerror: [m[Kbase operand of â€˜[01m[K->[m[Kâ€™ has non-pointer type â€˜[01m[Kgeometry_msgs::msg::Twist_<std::allocator<void> >[m[Kâ€™
   50 |         message[01;31m[K->[m[Klinear.x = fspeed;
      |                [01;31m[K^~[m[K
[01m[K/workspace/ros_ws/src/master/src/theMaster.cpp:50:29:[m[K [01;31m[Kerror: [m[Kâ€˜[01m[Kfspeed[m[Kâ€™ is not captured
   50 |         message->linear.x = [01;31m[Kfspeed[m[K;
      |                             [01;31m[K^~~~~~[m[K
[01m[K/workspace/ros_ws/src/master/src/theMaster.cpp:47:12:[m[K [01;36m[Knote: [m[Kthe lambda has no capture-default
   47 |       [this[01;36m[K][m[K() -> void
      |            [01;36m[K^[m[K
[01m[K/workspace/ros_ws/src/master/src/theMaster.cpp:43:32:[m[K [01;36m[Knote: [m[Kâ€˜[01m[Kfloat* fspeed[m[Kâ€™ declared here
   43 |   reTwist(bool* active, [01;36m[Kfloat* fspeed[m[K, float* rspeed): Node("reTwist"), count_(0)
      |                         [01;36m[K~~~~~~~^~~~~~[m[K
[01m[K/workspace/ros_ws/src/master/src/theMaster.cpp:51:16:[m[K [01;31m[Kerror: [m[Kbase operand of â€˜[01m[K->[m[Kâ€™ has non-pointer type â€˜[01m[Kgeometry_msgs::msg::Twist_<std::allocator<void> >[m[Kâ€™
   51 |         message[01;31m[K->[m[Kangular.z = rspeed;
      |                [01;31m[K^~[m[K
[01m[K/workspace/ros_ws/src/master/src/theMaster.cpp:51:30:[m[K [01;31m[Kerror: [m[Kâ€˜[01m[Krspeed[m[Kâ€™ is not captured
   51 |         message->angular.z = [01;31m[Krspeed[m[K;
      |                              [01;31m[K^~~~~~[m[K
[01m[K/workspace/ros_ws/src/master/src/theMaster.cpp:47:12:[m[K [01;36m[Knote: [m[Kthe lambda has no capture-default
   47 |       [this[01;36m[K][m[K() -> void
      |            [01;36m[K^[m[K
[01m[K/workspace/ros_ws/src/master/src/theMaster.cpp:43:47:[m[K [01;36m[Knote: [m[Kâ€˜[01m[Kfloat* rspeed[m[Kâ€™ declared here
   43 |   reTwist(bool* active, float* fspeed, [01;36m[Kfloat* rspeed[m[K): Node("reTwist"), count_(0)
      |                                        [01;36m[K~~~~~~~^~~~~~[m[K
[01m[K/workspace/ros_ws/src/master/src/theMaster.cpp:52:15:[m[K [01;31m[Kerror: [m[Kâ€˜[01m[Kclass reTwist[m[Kâ€™ has no member named â€˜[01m[Kcmdvelpub_[m[Kâ€™
   52 |         this->[01;31m[Kcmdvelpub_[m[K->publish(message);
      |               [01;31m[K^~~~~~~~~~[m[K
[01m[K/workspace/ros_ws/src/master/src/theMaster.cpp:[m[K In constructor â€˜[01m[KreTwist::[01;32m[KreTwist[m[K(bool*, float*, float*)[m[Kâ€™:
[01m[K/workspace/ros_ws/src/master/src/theMaster.cpp:43:17:[m[K [01;35m[Kwarning: [m[Kunused parameter â€˜[01m[Kactive[m[Kâ€™ [[01;35m[K]8;;https://gcc.gnu.org/onlinedocs/gcc/Warning-Options.html#index-Wunused-parameter-Wunused-parameter]8;;[m[K]
   43 |   reTwist([01;35m[Kbool* active[m[K, float* fspeed, float* rspeed): Node("reTwist"), count_(0)
      |           [01;35m[K~~~~~~^~~~~~[m[K
gmake[2]: *** [CMakeFiles/master_node.dir/build.make:76: CMakeFiles/master_node.dir/src/theMaster.cpp.o] Error 1
gmake[1]: *** [CMakeFiles/Makefile2:137: CMakeFiles/master_node.dir/all] Error 2
gmake: *** [Makefile:146: all] Error 2
