[0.022s] Invoking command in '/workspace/ros_ws/src/master/build/master': CMAKE_PREFIX_PATH=${CMAKE_PREFIX_PATH}:/opt/ros/jazzy /usr/bin/cmake --build /workspace/ros_ws/src/master/build/master -- -j12 -l12
[0.071s] [ 50%] [32mBuilding CXX object CMakeFiles/master_node.dir/src/theMaster.cpp.o[0m
[1.921s] [01m[K/workspace/ros_ws/src/master/src/theMaster.cpp:[m[K In lambda function:
[1.921s] [01m[K/workspace/ros_ws/src/master/src/theMaster.cpp:50:34:[m[K [01;31m[Kerror: [m[Kâ€˜[01m[Kclass reTwist[m[Kâ€™ has no member named â€˜[01m[Kfspeed[m[Kâ€™
[1.921s]    50 |         message.linear.x = this->[01;31m[Kfspeed[m[K;
[1.921s]       |                                  [01;31m[K^~~~~~[m[K
[1.921s] [01m[K/workspace/ros_ws/src/master/src/theMaster.cpp:51:35:[m[K [01;31m[Kerror: [m[Kâ€˜[01m[Kclass reTwist[m[Kâ€™ has no member named â€˜[01m[Krspeed[m[Kâ€™
[1.921s]    51 |         message.angular.z = this->[01;31m[Krspeed[m[K;
[1.921s]       |                                   [01;31m[K^~~~~~[m[K
[1.925s] [01m[K/workspace/ros_ws/src/master/src/theMaster.cpp:[m[K In constructor â€˜[01m[KreTwist::[01;32m[KreTwist[m[K(bool*, float*, float*)[m[Kâ€™:
[1.925s] [01m[K/workspace/ros_ws/src/master/src/theMaster.cpp:43:17:[m[K [01;35m[Kwarning: [m[Kunused parameter â€˜[01m[Kactive[m[Kâ€™ [[01;35m[K]8;;https://gcc.gnu.org/onlinedocs/gcc/Warning-Options.html#index-Wunused-parameter-Wunused-parameter]8;;[m[K]
[1.925s]    43 |   reTwist([01;35m[Kbool* active[m[K, float* fspeed, float* rspeed): Node("reTwist"), count_(0)
[1.925s]       |           [01;35m[K~~~~~~^~~~~~[m[K
[1.925s] [01m[K/workspace/ros_ws/src/master/src/theMaster.cpp:43:32:[m[K [01;35m[Kwarning: [m[Kunused parameter â€˜[01m[Kfspeed[m[Kâ€™ [[01;35m[K]8;;https://gcc.gnu.org/onlinedocs/gcc/Warning-Options.html#index-Wunused-parameter-Wunused-parameter]8;;[m[K]
[1.925s]    43 |   reTwist(bool* active, [01;35m[Kfloat* fspeed[m[K, float* rspeed): Node("reTwist"), count_(0)
[1.926s]       |                         [01;35m[K~~~~~~~^~~~~~[m[K
[1.926s] [01m[K/workspace/ros_ws/src/master/src/theMaster.cpp:43:47:[m[K [01;35m[Kwarning: [m[Kunused parameter â€˜[01m[Krspeed[m[Kâ€™ [[01;35m[K]8;;https://gcc.gnu.org/onlinedocs/gcc/Warning-Options.html#index-Wunused-parameter-Wunused-parameter]8;;[m[K]
[1.926s]    43 |   reTwist(bool* active, float* fspeed, [01;35m[Kfloat* rspeed[m[K): Node("reTwist"), count_(0)
[1.926s]       |                                        [01;35m[K~~~~~~~^~~~~~[m[K
[3.849s] gmake[2]: *** [CMakeFiles/master_node.dir/build.make:76: CMakeFiles/master_node.dir/src/theMaster.cpp.o] Error 1
[3.850s] gmake[1]: *** [CMakeFiles/Makefile2:137: CMakeFiles/master_node.dir/all] Error 2
[3.850s] gmake: *** [Makefile:146: all] Error 2
[3.853s] Invoked command in '/workspace/ros_ws/src/master/build/master' returned '2': CMAKE_PREFIX_PATH=${CMAKE_PREFIX_PATH}:/opt/ros/jazzy /usr/bin/cmake --build /workspace/ros_ws/src/master/build/master -- -j12 -l12
