[01m[K/workspace/ros_ws/src/master/src/theMaster.cpp:[m[K In constructor â€˜[01m[KreTwist::[01;32m[KreTwist[m[K(bool*, float*, float*)[m[Kâ€™:
[01m[K/workspace/ros_ws/src/master/src/theMaster.cpp:46:15:[m[K [01;31m[Kerror: [m[Kcannot convert â€˜[01m[Kfloat*[m[Kâ€™ to â€˜[01m[Kfloat[m[Kâ€™ in initialization
   46 |     float f = [01;31m[Kfspeed[m[K;
      |               [01;31m[K^~~~~~[m[K
      |               [01;31m[K|[m[K
      |               [01;31m[Kfloat*[m[K
[01m[K/workspace/ros_ws/src/master/src/theMaster.cpp:47:15:[m[K [01;31m[Kerror: [m[Kcannot convert â€˜[01m[Kfloat*[m[Kâ€™ to â€˜[01m[Kfloat[m[Kâ€™ in initialization
   47 |     float r = [01;31m[Krspeed[m[K;
      |               [01;31m[K^~~~~~[m[K
      |               [01;31m[K|[m[K
      |               [01;31m[Kfloat*[m[K
[01m[K/workspace/ros_ws/src/master/src/theMaster.cpp:[m[K In lambda function:
[01m[K/workspace/ros_ws/src/master/src/theMaster.cpp:53:28:[m[K [01;31m[Kerror: [m[Kâ€˜[01m[Kf[m[Kâ€™ is not captured
   53 |         message.linear.x = [01;31m[Kf[m[K;
      |                            [01;31m[K^[m[K
[01m[K/workspace/ros_ws/src/master/src/theMaster.cpp:50:12:[m[K [01;36m[Knote: [m[Kthe lambda has no capture-default
   50 |       [this[01;36m[K][m[K() -> void
      |            [01;36m[K^[m[K
[01m[K/workspace/ros_ws/src/master/src/theMaster.cpp:46:11:[m[K [01;36m[Knote: [m[Kâ€˜[01m[Kfloat f[m[Kâ€™ declared here
   46 |     float [01;36m[Kf[m[K = fspeed;
      |           [01;36m[K^[m[K
[01m[K/workspace/ros_ws/src/master/src/theMaster.cpp:54:29:[m[K [01;31m[Kerror: [m[Kâ€˜[01m[Kr[m[Kâ€™ is not captured
   54 |         message.angular.z = [01;31m[Kr[m[K;
      |                             [01;31m[K^[m[K
[01m[K/workspace/ros_ws/src/master/src/theMaster.cpp:50:12:[m[K [01;36m[Knote: [m[Kthe lambda has no capture-default
   50 |       [this[01;36m[K][m[K() -> void
      |            [01;36m[K^[m[K
[01m[K/workspace/ros_ws/src/master/src/theMaster.cpp:47:11:[m[K [01;36m[Knote: [m[Kâ€˜[01m[Kfloat r[m[Kâ€™ declared here
   47 |     float [01;36m[Kr[m[K = rspeed;
      |           [01;36m[K^[m[K
[01m[K/workspace/ros_ws/src/master/src/theMaster.cpp:[m[K In constructor â€˜[01m[KreTwist::[01;32m[KreTwist[m[K(bool*, float*, float*)[m[Kâ€™:
[01m[K/workspace/ros_ws/src/master/src/theMaster.cpp:45:10:[m[K [01;35m[Kwarning: [m[Kunused variable â€˜[01m[Ka[m[Kâ€™ [[01;35m[K]8;;https://gcc.gnu.org/onlinedocs/gcc/Warning-Options.html#index-Wunused-variable-Wunused-variable]8;;[m[K]
   45 |     bool [01;35m[Ka[m[K = active;
      |          [01;35m[K^[m[K
gmake[2]: *** [CMakeFiles/master_node.dir/build.make:76: CMakeFiles/master_node.dir/src/theMaster.cpp.o] Error 1
gmake[1]: *** [CMakeFiles/Makefile2:137: CMakeFiles/master_node.dir/all] Error 2
gmake: *** [Makefile:146: all] Error 2
