[0.014s] Invoking command in '/workspace/ros_ws/src/master/build/master': CMAKE_PREFIX_PATH=${CMAKE_PREFIX_PATH}:/opt/ros/jazzy /usr/bin/cmake --build /workspace/ros_ws/src/master/build/master -- -j12 -l12
[0.062s] [ 50%] [32mBuilding CXX object CMakeFiles/master_node.dir/src/theMaster.cpp.o[0m
[2.000s] [01m[K/workspace/ros_ws/src/master/src/theMaster.cpp:[m[K In constructor â€˜[01m[KreTwist::[01;32m[KreTwist[m[K(bool*, float*, float*)[m[Kâ€™:
[2.000s] [01m[K/workspace/ros_ws/src/master/src/theMaster.cpp:46:15:[m[K [01;31m[Kerror: [m[Kcannot convert â€˜[01m[Kfloat*[m[Kâ€™ to â€˜[01m[Kfloat[m[Kâ€™ in initialization
[2.000s]    46 |     float f = [01;31m[Kfspeed[m[K;
[2.001s]       |               [01;31m[K^~~~~~[m[K
[2.001s]       |               [01;31m[K|[m[K
[2.001s]       |               [01;31m[Kfloat*[m[K
[2.001s] [01m[K/workspace/ros_ws/src/master/src/theMaster.cpp:47:15:[m[K [01;31m[Kerror: [m[Kcannot convert â€˜[01m[Kfloat*[m[Kâ€™ to â€˜[01m[Kfloat[m[Kâ€™ in initialization
[2.001s]    47 |     float r = [01;31m[Krspeed[m[K;
[2.001s]       |               [01;31m[K^~~~~~[m[K
[2.001s]       |               [01;31m[K|[m[K
[2.001s]       |               [01;31m[Kfloat*[m[K
[2.002s] [01m[K/workspace/ros_ws/src/master/src/theMaster.cpp:[m[K In lambda function:
[2.002s] [01m[K/workspace/ros_ws/src/master/src/theMaster.cpp:53:28:[m[K [01;31m[Kerror: [m[Kâ€˜[01m[Kf[m[Kâ€™ is not captured
[2.002s]    53 |         message.linear.x = [01;31m[Kf[m[K;
[2.002s]       |                            [01;31m[K^[m[K
[2.002s] [01m[K/workspace/ros_ws/src/master/src/theMaster.cpp:50:12:[m[K [01;36m[Knote: [m[Kthe lambda has no capture-default
[2.002s]    50 |       [this[01;36m[K][m[K() -> void
[2.002s]       |            [01;36m[K^[m[K
[2.002s] [01m[K/workspace/ros_ws/src/master/src/theMaster.cpp:46:11:[m[K [01;36m[Knote: [m[Kâ€˜[01m[Kfloat f[m[Kâ€™ declared here
[2.002s]    46 |     float [01;36m[Kf[m[K = fspeed;
[2.002s]       |           [01;36m[K^[m[K
[2.002s] [01m[K/workspace/ros_ws/src/master/src/theMaster.cpp:54:29:[m[K [01;31m[Kerror: [m[Kâ€˜[01m[Kr[m[Kâ€™ is not captured
[2.003s]    54 |         message.angular.z = [01;31m[Kr[m[K;
[2.003s]       |                             [01;31m[K^[m[K
[2.003s] [01m[K/workspace/ros_ws/src/master/src/theMaster.cpp:50:12:[m[K [01;36m[Knote: [m[Kthe lambda has no capture-default
[2.003s]    50 |       [this[01;36m[K][m[K() -> void
[2.003s]       |            [01;36m[K^[m[K
[2.003s] [01m[K/workspace/ros_ws/src/master/src/theMaster.cpp:47:11:[m[K [01;36m[Knote: [m[Kâ€˜[01m[Kfloat r[m[Kâ€™ declared here
[2.003s]    47 |     float [01;36m[Kr[m[K = rspeed;
[2.003s]       |           [01;36m[K^[m[K
[2.003s] [01m[K/workspace/ros_ws/src/master/src/theMaster.cpp:[m[K In constructor â€˜[01m[KreTwist::[01;32m[KreTwist[m[K(bool*, float*, float*)[m[Kâ€™:
[2.004s] [01m[K/workspace/ros_ws/src/master/src/theMaster.cpp:45:10:[m[K [01;35m[Kwarning: [m[Kunused variable â€˜[01m[Ka[m[Kâ€™ [[01;35m[K]8;;https://gcc.gnu.org/onlinedocs/gcc/Warning-Options.html#index-Wunused-variable-Wunused-variable]8;;[m[K]
[2.004s]    45 |     bool [01;35m[Ka[m[K = active;
[2.004s]       |          [01;35m[K^[m[K
[3.898s] gmake[2]: *** [CMakeFiles/master_node.dir/build.make:76: CMakeFiles/master_node.dir/src/theMaster.cpp.o] Error 1
[3.899s] gmake[1]: *** [CMakeFiles/Makefile2:137: CMakeFiles/master_node.dir/all] Error 2
[3.899s] gmake: *** [Makefile:146: all] Error 2
[3.901s] Invoked command in '/workspace/ros_ws/src/master/build/master' returned '2': CMAKE_PREFIX_PATH=${CMAKE_PREFIX_PATH}:/opt/ros/jazzy /usr/bin/cmake --build /workspace/ros_ws/src/master/build/master -- -j12 -l12
