<?xml version="1.0" encoding="UTF-8"?>
<testsuite
  name="ariaNode.xmllint"
  tests="2"
  errors="0"
  failures="2"
  time="1.484"
>
  <testcase
    name="package.xml"
    classname="ariaNode.xmllint"
  >
      <failure message="Diff with 255 lines"><![CDATA[/workspace/ros_ws/src/ariaNode/package.xml:4: element name: Schemas validity error : Element 'name': [facet 'pattern'] The value 'ariaNode' is not accepted by the pattern '[a-z](_?[a-z0-9]+)*'.
/workspace/ros_ws/src/ariaNode/package.xml fails to validate
]]></failure>
  </testcase>
  <testcase
    name="install/ariaNode/share/ariaNode/package.xml"
    classname="ariaNode.xmllint"
  >
      <failure message="Diff with 319 lines"><![CDATA[/workspace/ros_ws/src/ariaNode/install/ariaNode/share/ariaNode/package.xml:4: element name: Schemas validity error : Element 'name': [facet 'pattern'] The value 'ariaNode' is not accepted by the pattern '[a-z](_?[a-z0-9]+)*'.
/workspace/ros_ws/src/ariaNode/install/ariaNode/share/ariaNode/package.xml fails to validate
]]></failure>
  </testcase>
  <system-out>Checked files:
* package.xml
* install/ariaNode/share/ariaNode/package.xml</system-out>
</testsuite>
