[ 50%] [32mBuilding CXX object CMakeFiles/master_node.dir/src/theMaster.cpp.o[0m
[01m[K/workspace/ros_ws/src/master/src/theMaster.cpp:[m[K In constructor â€˜[01m[KreTwist::[01;32m[KreTwist[m[K(float*, float*, int*)[m[Kâ€™:
[01m[K/workspace/ros_ws/src/master/src/theMaster.cpp:60:14:[m[K [01;31m[Kerror: [m[Kcannot convert â€˜[01m[Kfloat**[m[Kâ€™ to â€˜[01m[Kfloat*[m[Kâ€™ in assignment
   60 |       retf = [01;31m[K&fspeed[m[K;
      |              [01;31m[K^~~~~~~[m[K
      |              [01;31m[K|[m[K
      |              [01;31m[Kfloat**[m[K
[01m[K/workspace/ros_ws/src/master/src/theMaster.cpp:61:14:[m[K [01;31m[Kerror: [m[Kcannot convert â€˜[01m[Kfloat**[m[Kâ€™ to â€˜[01m[Kfloat*[m[Kâ€™ in assignment
   61 |       reta = [01;31m[K&rspeed[m[K;
      |              [01;31m[K^~~~~~~[m[K
      |              [01;31m[K|[m[K
      |              [01;31m[Kfloat**[m[K
[01m[K/workspace/ros_ws/src/master/src/theMaster.cpp:[m[K In lambda function:
[01m[K/workspace/ros_ws/src/master/src/theMaster.cpp:89:22:[m[K [01;31m[Kerror: [m[Kinvalid type argument of unary â€˜[01m[K*[m[Kâ€™ (have â€˜[01m[Kfloat[m[Kâ€™)
   89 |               retf = [01;31m[K*empty[m[K;
      |                      [01;31m[K^~~~~~[m[K
[01m[K/workspace/ros_ws/src/master/src/theMaster.cpp:90:22:[m[K [01;31m[Kerror: [m[Kinvalid type argument of unary â€˜[01m[K*[m[Kâ€™ (have â€˜[01m[Kfloat[m[Kâ€™)
   90 |               reta = [01;31m[K*empty[m[K;
      |                      [01;31m[K^~~~~~[m[K
[01m[K/workspace/ros_ws/src/master/src/theMaster.cpp:95:22:[m[K [01;31m[Kerror: [m[Kcannot convert â€˜[01m[Kfloat[m[Kâ€™ to â€˜[01m[Kfloat*[m[Kâ€™ in assignment
   95 |               retf = [01;31m[K*twistf[m[K;
      |                      [01;31m[K^~~~~~~[m[K
      |                      [01;31m[K|[m[K
      |                      [01;31m[Kfloat[m[K
[01m[K/workspace/ros_ws/src/master/src/theMaster.cpp:96:22:[m[K [01;31m[Kerror: [m[Kcannot convert â€˜[01m[Kfloat[m[Kâ€™ to â€˜[01m[Kfloat*[m[Kâ€™ in assignment
   96 |               reta = [01;31m[K*twistr[m[K;
      |                      [01;31m[K^~~~~~~[m[K
      |                      [01;31m[K|[m[K
      |                      [01;31m[Kfloat[m[K
[01m[K/workspace/ros_ws/src/master/src/theMaster.cpp:101:23:[m[K [01;31m[Kerror: [m[Kcannot convert â€˜[01m[Kfloat*[m[Kâ€™ to â€˜[01m[Kfloat[m[Kâ€™ in assignment
  101 |               *retf = [01;31m[Knavf[m[K;
      |                       [01;31m[K^~~~[m[K
      |                       [01;31m[K|[m[K
      |                       [01;31m[Kfloat*[m[K
[01m[K/workspace/ros_ws/src/master/src/theMaster.cpp:102:23:[m[K [01;31m[Kerror: [m[Kcannot convert â€˜[01m[Kfloat*[m[Kâ€™ to â€˜[01m[Kfloat[m[Kâ€™ in assignment
  102 |               *reta = [01;31m[Knavr[m[K;
      |                       [01;31m[K^~~~[m[K
      |                       [01;31m[K|[m[K
      |                       [01;31m[Kfloat*[m[K
gmake[2]: *** [CMakeFiles/master_node.dir/build.make:76: CMakeFiles/master_node.dir/src/theMaster.cpp.o] Error 1
gmake[1]: *** [CMakeFiles/Makefile2:137: CMakeFiles/master_node.dir/all] Error 2
gmake: *** [Makefile:146: all] Error 2
