[0.014s] Invoking command in '/workspace/ros_ws/src/master/build/master': CMAKE_PREFIX_PATH=${CMAKE_PREFIX_PATH}:/opt/ros/jazzy /usr/bin/cmake --build /workspace/ros_ws/src/master/build/master -- -j12 -l12
[0.064s] [ 50%] [32mBuilding CXX object CMakeFiles/master_node.dir/src/theMaster.cpp.o[0m
[1.962s] [01m[K/workspace/ros_ws/src/master/src/theMaster.cpp:60:2:[m[K [01;31m[Kerror: [m[Kexpected â€˜[01m[K;[m[Kâ€™ after class definition
[1.962s]    60 | }
[1.962s]       |  [01;31m[K^[m[K
[1.962s]       |  [32m[K;[m[K
[1.963s] [01m[K/workspace/ros_ws/src/master/src/theMaster.cpp:[m[K In lambda function:
[1.963s] [01m[K/workspace/ros_ws/src/master/src/theMaster.cpp:50:28:[m[K [01;31m[Kerror: [m[Kâ€˜[01m[Kfspeed[m[Kâ€™ is not captured
[1.963s]    50 |         message.linear.x = [01;31m[Kfspeed[m[K;
[1.963s]       |                            [01;31m[K^~~~~~[m[K
[1.963s] [01m[K/workspace/ros_ws/src/master/src/theMaster.cpp:47:12:[m[K [01;36m[Knote: [m[Kthe lambda has no capture-default
[1.963s]    47 |       [this[01;36m[K][m[K() -> void
[1.963s]       |            [01;36m[K^[m[K
[1.963s] [01m[K/workspace/ros_ws/src/master/src/theMaster.cpp:43:32:[m[K [01;36m[Knote: [m[Kâ€˜[01m[Kfloat* fspeed[m[Kâ€™ declared here
[1.963s]    43 |   reTwist(bool* active, [01;36m[Kfloat* fspeed[m[K, float* rspeed): Node("reTwist"), count_(0)
[1.963s]       |                         [01;36m[K~~~~~~~^~~~~~[m[K
[1.963s] [01m[K/workspace/ros_ws/src/master/src/theMaster.cpp:51:29:[m[K [01;31m[Kerror: [m[Kâ€˜[01m[Krspeed[m[Kâ€™ is not captured
[1.964s]    51 |         message.angular.z = [01;31m[Krspeed[m[K;
[1.964s]       |                             [01;31m[K^~~~~~[m[K
[1.964s] [01m[K/workspace/ros_ws/src/master/src/theMaster.cpp:47:12:[m[K [01;36m[Knote: [m[Kthe lambda has no capture-default
[1.964s]    47 |       [this[01;36m[K][m[K() -> void
[1.964s]       |            [01;36m[K^[m[K
[1.964s] [01m[K/workspace/ros_ws/src/master/src/theMaster.cpp:43:47:[m[K [01;36m[Knote: [m[Kâ€˜[01m[Kfloat* rspeed[m[Kâ€™ declared here
[1.964s]    43 |   reTwist(bool* active, float* fspeed, [01;36m[Kfloat* rspeed[m[K): Node("reTwist"), count_(0)
[1.964s]       |                                        [01;36m[K~~~~~~~^~~~~~[m[K
[1.965s] [01m[K/workspace/ros_ws/src/master/src/theMaster.cpp:[m[K In constructor â€˜[01m[KreTwist::[01;32m[KreTwist[m[K(bool*, float*, float*)[m[Kâ€™:
[1.965s] [01m[K/workspace/ros_ws/src/master/src/theMaster.cpp:43:17:[m[K [01;35m[Kwarning: [m[Kunused parameter â€˜[01m[Kactive[m[Kâ€™ [[01;35m[K]8;;https://gcc.gnu.org/onlinedocs/gcc/Warning-Options.html#index-Wunused-parameter-Wunused-parameter]8;;[m[K]
[1.965s]    43 |   reTwist([01;35m[Kbool* active[m[K, float* fspeed, float* rspeed): Node("reTwist"), count_(0)
[1.965s]       |           [01;35m[K~~~~~~^~~~~~[m[K
[3.826s] gmake[2]: *** [CMakeFiles/master_node.dir/build.make:76: CMakeFiles/master_node.dir/src/theMaster.cpp.o] Error 1
[3.826s] gmake[1]: *** [CMakeFiles/Makefile2:137: CMakeFiles/master_node.dir/all] Error 2
[3.826s] gmake: *** [Makefile:146: all] Error 2
[3.829s] Invoked command in '/workspace/ros_ws/src/master/build/master' returned '2': CMAKE_PREFIX_PATH=${CMAKE_PREFIX_PATH}:/opt/ros/jazzy /usr/bin/cmake --build /workspace/ros_ws/src/master/build/master -- -j12 -l12
