<?xml version="1.0" encoding="UTF-8"?>
<Site BuildName="(empty)"
	BuildStamp="20250401-0338-Experimental"
	Name="docker-desktop"
	Generator="ctest-3.28.3"
	CompilerName="/usr/bin/c++"
	CompilerVersion="13.3.0"
	OSName="Linux"
	Hostname="docker-desktop"
	OSRelease="5.15.167.4-microsoft-standard-WSL2"
	OSVersion="#1 SMP Tue Nov 5 00:21:55 UTC 2024"
	OSPlatform="x86_64"
	Is64Bits="1"
	VendorString="GenuineIntel"
	VendorID="Intel Corporation"
	FamilyID="6"
	ModelID="154"
	ProcessorCacheSize="12288"
	NumberOfLogicalCPU="12"
	NumberOfPhysicalCPU="6"
	TotalVirtualMemory="3072"
	TotalPhysicalMemory="11821"
	LogicalProcessorsPerPhysical="2"
	ProcessorClockFrequency="2496.01"
	>
	<Testing>
		<StartDateTime>Apr 01 03:38 UTC</StartDateTime>
		<StartTestTime>1743478707</StartTestTime>
		<TestList>
			<Test>./cppcheck</Test>
			<Test>./flake8</Test>
			<Test>./lint_cmake</Test>
			<Test>./pep257</Test>
			<Test>./uncrustify</Test>
			<Test>./xmllint</Test>
		</TestList>
		<Test Status="passed">
			<Name>cppcheck</Name>
			<Path>.</Path>
			<FullName>./cppcheck</FullName>
			<FullCommandLine>/usr/bin/python3 "-u" "/opt/ros/jazzy/share/ament_cmake_test/cmake/run_test.py" "/workspace/ros_ws/src/ariaNode/build/ariaNode/test_results/ariaNode/cppcheck.xunit.xml" "--package-name" "ariaNode" "--output-file" "/workspace/ros_ws/src/ariaNode/build/ariaNode/ament_cppcheck/cppcheck.txt" "--command" "/opt/ros/jazzy/bin/ament_cppcheck" "--xunit-file" "/workspace/ros_ws/src/ariaNode/build/ariaNode/test_results/ariaNode/cppcheck.xunit.xml"</FullCommandLine>
			<Results>
				<NamedMeasurement type="numeric/double" name="Execution Time">
					<Value>0.162515</Value>
				</NamedMeasurement>
				<NamedMeasurement type="numeric/double" name="Processors">
					<Value>1</Value>
				</NamedMeasurement>
				<NamedMeasurement type="text/string" name="Completion Status">
					<Value>Completed</Value>
				</NamedMeasurement>
				<NamedMeasurement type="text/string" name="Command Line">
					<Value>/usr/bin/python3 "-u" "/opt/ros/jazzy/share/ament_cmake_test/cmake/run_test.py" "/workspace/ros_ws/src/ariaNode/build/ariaNode/test_results/ariaNode/cppcheck.xunit.xml" "--package-name" "ariaNode" "--output-file" "/workspace/ros_ws/src/ariaNode/build/ariaNode/ament_cppcheck/cppcheck.txt" "--command" "/opt/ros/jazzy/bin/ament_cppcheck" "--xunit-file" "/workspace/ros_ws/src/ariaNode/build/ariaNode/test_results/ariaNode/cppcheck.xunit.xml"</Value>
				</NamedMeasurement>
				<NamedMeasurement type="text/string" name="Environment">
					<Value>#CTEST_RESOURCE_GROUP_COUNT=</Value>
				</NamedMeasurement>
				<Measurement>
					<Value>-- run_test.py: invoking following command in '/workspace/ros_ws/src/ariaNode':
 - /opt/ros/jazzy/bin/ament_cppcheck --xunit-file /workspace/ros_ws/src/ariaNode/build/ariaNode/test_results/ariaNode/cppcheck.xunit.xml
cppcheck 2.13.0 has known performance issues and therefore will not be used, set the AMENT_CPPCHECK_ALLOW_SLOW_VERSIONS environment variable to override this.
-- run_test.py: return code 0
-- run_test.py: verify result file '/workspace/ros_ws/src/ariaNode/build/ariaNode/test_results/ariaNode/cppcheck.xunit.xml'
</Value>
				</Measurement>
			</Results>
			<Labels>
				<Label>cppcheck</Label>
				<Label>linter</Label>
			</Labels>
		</Test>
		<Test Status="passed">
			<Name>flake8</Name>
			<Path>.</Path>
			<FullName>./flake8</FullName>
			<FullCommandLine>/usr/bin/python3 "-u" "/opt/ros/jazzy/share/ament_cmake_test/cmake/run_test.py" "/workspace/ros_ws/src/ariaNode/build/ariaNode/test_results/ariaNode/flake8.xunit.xml" "--package-name" "ariaNode" "--output-file" "/workspace/ros_ws/src/ariaNode/build/ariaNode/ament_flake8/flake8.txt" "--command" "/opt/ros/jazzy/bin/ament_flake8" "--xunit-file" "/workspace/ros_ws/src/ariaNode/build/ariaNode/test_results/ariaNode/flake8.xunit.xml"</FullCommandLine>
			<Results>
				<NamedMeasurement type="numeric/double" name="Execution Time">
					<Value>0.419074</Value>
				</NamedMeasurement>
				<NamedMeasurement type="numeric/double" name="Processors">
					<Value>1</Value>
				</NamedMeasurement>
				<NamedMeasurement type="text/string" name="Completion Status">
					<Value>Completed</Value>
				</NamedMeasurement>
				<NamedMeasurement type="text/string" name="Command Line">
					<Value>/usr/bin/python3 "-u" "/opt/ros/jazzy/share/ament_cmake_test/cmake/run_test.py" "/workspace/ros_ws/src/ariaNode/build/ariaNode/test_results/ariaNode/flake8.xunit.xml" "--package-name" "ariaNode" "--output-file" "/workspace/ros_ws/src/ariaNode/build/ariaNode/ament_flake8/flake8.txt" "--command" "/opt/ros/jazzy/bin/ament_flake8" "--xunit-file" "/workspace/ros_ws/src/ariaNode/build/ariaNode/test_results/ariaNode/flake8.xunit.xml"</Value>
				</NamedMeasurement>
				<NamedMeasurement type="text/string" name="Environment">
					<Value>#CTEST_RESOURCE_GROUP_COUNT=</Value>
				</NamedMeasurement>
				<Measurement>
					<Value>-- run_test.py: invoking following command in '/workspace/ros_ws/src/ariaNode':
 - /opt/ros/jazzy/bin/ament_flake8 --xunit-file /workspace/ros_ws/src/ariaNode/build/ariaNode/test_results/ariaNode/flake8.xunit.xml

2 files checked
No problems found

Checked files:

* ./install/_local_setup_util_ps1.py
* ./install/_local_setup_util_sh.py
-- run_test.py: return code 0
-- run_test.py: verify result file '/workspace/ros_ws/src/ariaNode/build/ariaNode/test_results/ariaNode/flake8.xunit.xml'
</Value>
				</Measurement>
			</Results>
			<Labels>
				<Label>flake8</Label>
				<Label>linter</Label>
			</Labels>
		</Test>
		<Test Status="passed">
			<Name>lint_cmake</Name>
			<Path>.</Path>
			<FullName>./lint_cmake</FullName>
			<FullCommandLine>/usr/bin/python3 "-u" "/opt/ros/jazzy/share/ament_cmake_test/cmake/run_test.py" "/workspace/ros_ws/src/ariaNode/build/ariaNode/test_results/ariaNode/lint_cmake.xunit.xml" "--package-name" "ariaNode" "--output-file" "/workspace/ros_ws/src/ariaNode/build/ariaNode/ament_lint_cmake/lint_cmake.txt" "--command" "/opt/ros/jazzy/bin/ament_lint_cmake" "--xunit-file" "/workspace/ros_ws/src/ariaNode/build/ariaNode/test_results/ariaNode/lint_cmake.xunit.xml"</FullCommandLine>
			<Results>
				<NamedMeasurement type="numeric/double" name="Execution Time">
					<Value>0.133527</Value>
				</NamedMeasurement>
				<NamedMeasurement type="numeric/double" name="Processors">
					<Value>1</Value>
				</NamedMeasurement>
				<NamedMeasurement type="text/string" name="Completion Status">
					<Value>Completed</Value>
				</NamedMeasurement>
				<NamedMeasurement type="text/string" name="Command Line">
					<Value>/usr/bin/python3 "-u" "/opt/ros/jazzy/share/ament_cmake_test/cmake/run_test.py" "/workspace/ros_ws/src/ariaNode/build/ariaNode/test_results/ariaNode/lint_cmake.xunit.xml" "--package-name" "ariaNode" "--output-file" "/workspace/ros_ws/src/ariaNode/build/ariaNode/ament_lint_cmake/lint_cmake.txt" "--command" "/opt/ros/jazzy/bin/ament_lint_cmake" "--xunit-file" "/workspace/ros_ws/src/ariaNode/build/ariaNode/test_results/ariaNode/lint_cmake.xunit.xml"</Value>
				</NamedMeasurement>
				<NamedMeasurement type="text/string" name="Environment">
					<Value>#CTEST_RESOURCE_GROUP_COUNT=</Value>
				</NamedMeasurement>
				<Measurement>
					<Value>-- run_test.py: invoking following command in '/workspace/ros_ws/src/ariaNode':
 - /opt/ros/jazzy/bin/ament_lint_cmake --xunit-file /workspace/ros_ws/src/ariaNode/build/ariaNode/test_results/ariaNode/lint_cmake.xunit.xml

No problems found
-- run_test.py: return code 0
-- run_test.py: verify result file '/workspace/ros_ws/src/ariaNode/build/ariaNode/test_results/ariaNode/lint_cmake.xunit.xml'
</Value>
				</Measurement>
			</Results>
			<Labels>
				<Label>lint_cmake</Label>
				<Label>linter</Label>
			</Labels>
		</Test>
		<Test Status="passed">
			<Name>pep257</Name>
			<Path>.</Path>
			<FullName>./pep257</FullName>
			<FullCommandLine>/usr/bin/python3 "-u" "/opt/ros/jazzy/share/ament_cmake_test/cmake/run_test.py" "/workspace/ros_ws/src/ariaNode/build/ariaNode/test_results/ariaNode/pep257.xunit.xml" "--package-name" "ariaNode" "--output-file" "/workspace/ros_ws/src/ariaNode/build/ariaNode/ament_pep257/pep257.txt" "--command" "/opt/ros/jazzy/bin/ament_pep257" "--xunit-file" "/workspace/ros_ws/src/ariaNode/build/ariaNode/test_results/ariaNode/pep257.xunit.xml"</FullCommandLine>
			<Results>
				<NamedMeasurement type="numeric/double" name="Execution Time">
					<Value>0.212942</Value>
				</NamedMeasurement>
				<NamedMeasurement type="numeric/double" name="Processors">
					<Value>1</Value>
				</NamedMeasurement>
				<NamedMeasurement type="text/string" name="Completion Status">
					<Value>Completed</Value>
				</NamedMeasurement>
				<NamedMeasurement type="text/string" name="Command Line">
					<Value>/usr/bin/python3 "-u" "/opt/ros/jazzy/share/ament_cmake_test/cmake/run_test.py" "/workspace/ros_ws/src/ariaNode/build/ariaNode/test_results/ariaNode/pep257.xunit.xml" "--package-name" "ariaNode" "--output-file" "/workspace/ros_ws/src/ariaNode/build/ariaNode/ament_pep257/pep257.txt" "--command" "/opt/ros/jazzy/bin/ament_pep257" "--xunit-file" "/workspace/ros_ws/src/ariaNode/build/ariaNode/test_results/ariaNode/pep257.xunit.xml"</Value>
				</NamedMeasurement>
				<NamedMeasurement type="text/string" name="Environment">
					<Value>#CTEST_RESOURCE_GROUP_COUNT=</Value>
				</NamedMeasurement>
				<Measurement>
					<Value>-- run_test.py: invoking following command in '/workspace/ros_ws/src/ariaNode':
 - /opt/ros/jazzy/bin/ament_pep257 --xunit-file /workspace/ros_ws/src/ariaNode/build/ariaNode/test_results/ariaNode/pep257.xunit.xml
checking ./install/_local_setup_util_ps1.py
checking ./install/_local_setup_util_sh.py
No problems found
-- run_test.py: return code 0
-- run_test.py: verify result file '/workspace/ros_ws/src/ariaNode/build/ariaNode/test_results/ariaNode/pep257.xunit.xml'
</Value>
				</Measurement>
			</Results>
			<Labels>
				<Label>linter</Label>
				<Label>pep257</Label>
			</Labels>
		</Test>
		<Test Status="failed">
			<Name>uncrustify</Name>
			<Path>.</Path>
			<FullName>./uncrustify</FullName>
			<FullCommandLine>/usr/bin/python3 "-u" "/opt/ros/jazzy/share/ament_cmake_test/cmake/run_test.py" "/workspace/ros_ws/src/ariaNode/build/ariaNode/test_results/ariaNode/uncrustify.xunit.xml" "--package-name" "ariaNode" "--output-file" "/workspace/ros_ws/src/ariaNode/build/ariaNode/ament_uncrustify/uncrustify.txt" "--command" "/opt/ros/jazzy/bin/ament_uncrustify" "--xunit-file" "/workspace/ros_ws/src/ariaNode/build/ariaNode/test_results/ariaNode/uncrustify.xunit.xml"</FullCommandLine>
			<Results>
				<NamedMeasurement type="text/string" name="Exit Code">
					<Value>Failed</Value>
				</NamedMeasurement>
				<NamedMeasurement type="text/string" name="Exit Value">
					<Value>1</Value>
				</NamedMeasurement>
				<NamedMeasurement type="numeric/double" name="Execution Time">
					<Value>0.160104</Value>
				</NamedMeasurement>
				<NamedMeasurement type="numeric/double" name="Processors">
					<Value>1</Value>
				</NamedMeasurement>
				<NamedMeasurement type="text/string" name="Completion Status">
					<Value>Completed</Value>
				</NamedMeasurement>
				<NamedMeasurement type="text/string" name="Command Line">
					<Value>/usr/bin/python3 "-u" "/opt/ros/jazzy/share/ament_cmake_test/cmake/run_test.py" "/workspace/ros_ws/src/ariaNode/build/ariaNode/test_results/ariaNode/uncrustify.xunit.xml" "--package-name" "ariaNode" "--output-file" "/workspace/ros_ws/src/ariaNode/build/ariaNode/ament_uncrustify/uncrustify.txt" "--command" "/opt/ros/jazzy/bin/ament_uncrustify" "--xunit-file" "/workspace/ros_ws/src/ariaNode/build/ariaNode/test_results/ariaNode/uncrustify.xunit.xml"</Value>
				</NamedMeasurement>
				<NamedMeasurement type="text/string" name="Environment">
					<Value>#CTEST_RESOURCE_GROUP_COUNT=</Value>
				</NamedMeasurement>
				<Measurement>
					<Value>-- run_test.py: invoking following command in '/workspace/ros_ws/src/ariaNode':
 - /opt/ros/jazzy/bin/ament_uncrustify --xunit-file /workspace/ros_ws/src/ariaNode/build/ariaNode/test_results/ariaNode/uncrustify.xunit.xml
Code style divergence in file 'src/ariaNode.cpp':

--- src/ariaNode.cpp
+++ src/ariaNode.cpp.uncrustify
@@ -1 +1 @@
-/*  
+/*
@@ -32,4 +32,6 @@
-    public:
-        ariaNode(float* forwardSpeed, float* rotationSpeed) : Node("Aria_node") {
-            currentForwardSpeed = forwardSpeed;
-            currentRotationSpeed = rotationSpeed;
+public:
+  ariaNode(float * forwardSpeed, float * rotationSpeed)
+  : Node("Aria_node")
+  {
+    currentForwardSpeed = forwardSpeed;
+    currentRotationSpeed = rotationSpeed;
@@ -37 +39 @@
-            cmdVelSub = create_subscription&lt;geometry_msgs::msg::Twist&gt; (
+    cmdVelSub = create_subscription&lt;geometry_msgs::msg::Twist&gt;(
@@ -39,2 +41,2 @@
-            );    
-        }
+    );
+  }
@@ -42,5 +44,3 @@
-    private:
-        void cmdVelCallback(const geometry_msgs::msg::Twist::SharedPtr msg) {
-            
-            double linearSpeed = msg-&gt;linear.x;
-            double angularSpeed = msg-&gt;angular.z;
+private:
+  void cmdVelCallback(const geometry_msgs::msg::Twist::SharedPtr msg)
+  {
@@ -48,2 +48,2 @@
-            *currentForwardSpeed = linearSpeed;
-            *currentRotationSpeed = angularSpeed;
+    double linearSpeed = msg-&gt;linear.x;
+    double angularSpeed = msg-&gt;angular.z;
@@ -51 +51,2 @@
-            RCLCPP_DEBUG(this-&gt;get_logger(), "message received.");
+    *currentForwardSpeed = linearSpeed;
+    *currentRotationSpeed = angularSpeed;
@@ -53 +54 @@
-        }
+    RCLCPP_DEBUG(this-&gt;get_logger(), "message received.");
@@ -55,4 +56,6 @@
-        rclcpp::Subscription&lt;geometry_msgs::msg::Twist&gt;::SharedPtr cmdVelSub;
-        float* currentForwardSpeed;
-        float* currentRotationSpeed;
-    
+  }
+
+  rclcpp::Subscription&lt;geometry_msgs::msg::Twist&gt;::SharedPtr cmdVelSub;
+  float * currentForwardSpeed;
+  float * currentRotationSpeed;
+
@@ -62,3 +65,4 @@
-void my_handler(int s){
-           printf("Caught signal %d\n",s);
-           stopRunning = true;
+void my_handler(int s)
+{
+  printf("Caught signal %d\n", s);
+  stopRunning = true;
@@ -67,2 +71,3 @@
-int main(int argc, char** argv) {
-    rclcpp::init(argc, argv);
+int main(int argc, char ** argv)
+{
+  rclcpp::init(argc, argv);
@@ -70,5 +75,5 @@
-    Aria::init();
-    ArArgumentParser parser(&amp;argc, argv);
-    parser.loadDefaultArguments();
-    ArRobot* robot;
-    robot = new ArRobot();
+  Aria::init();
+  ArArgumentParser parser(&amp;argc, argv);
+  parser.loadDefaultArguments();
+  ArRobot * robot;
+  robot = new ArRobot();
@@ -76,2 +81,2 @@
-    signal(SIGINT, my_handler);
-    
+  signal(SIGINT, my_handler);
+
@@ -79,7 +84,6 @@
-    ArRobotConnector robotConnector(&amp;parser, robot);
-    if(!robotConnector.connectRobot()) {
-        ArLog::log(ArLog::Terse, "simpleConnect: Could not connect to the robot.");
-        if(parser.checkHelpAndWarnUnparsed()) {
-            Aria::logOptions();
-            Aria::exit(1);
-        }
+  ArRobotConnector robotConnector(&amp;parser, robot);
+  if(!robotConnector.connectRobot()) {
+    ArLog::log(ArLog::Terse, "simpleConnect: Could not connect to the robot.");
+    if(parser.checkHelpAndWarnUnparsed()) {
+      Aria::logOptions();
+      Aria::exit(1);
@@ -86,0 +91 @@
+  }
@@ -88 +93 @@
-    robot-&gt;setAbsoluteMaxTransVel(400);
+  robot-&gt;setAbsoluteMaxTransVel(400);
@@ -90,4 +95,4 @@
-    float forwardSpeed = 0.0;
-    float rotationSpeed = 0.0;
-    
-    
+  float forwardSpeed = 0.0;
+  float rotationSpeed = 0.0;
+
+
@@ -95 +100 @@
-    robot-&gt;runAsync(true);
+  robot-&gt;runAsync(true);
@@ -97 +102 @@
-    robot-&gt;enableMotors();
+  robot-&gt;enableMotors();
@@ -99,2 +104,2 @@
-    auto aNode = std::make_shared&lt;ariaNode&gt;(&amp;forwardSpeed, &amp;rotationSpeed);
-    RCLCPP_DEBUG(aNode-&gt;get_logger(),"Before Spin!...");
+  auto aNode = std::make_shared&lt;ariaNode&gt;(&amp;forwardSpeed, &amp;rotationSpeed);
+  RCLCPP_DEBUG(aNode-&gt;get_logger(), "Before Spin!...");
@@ -104 +109 @@
-     *   that continuously spins the node to update velocities which are 
+     *   that continuously spins the node to update velocities which are
@@ -107,2 +112,2 @@
-    while (!stopRunning) {
-        rclcpp::spin_some(aNode);
+  while (!stopRunning) {
+    rclcpp::spin_some(aNode);
@@ -110,4 +115,4 @@
-            robot-&gt;lock();
-            robot-&gt;setVel(forwardSpeed * 500);
-            robot-&gt;setRotVel(rotationSpeed * 50);
-            robot-&gt;unlock();
+    robot-&gt;lock();
+    robot-&gt;setVel(forwardSpeed * 500);
+    robot-&gt;setRotVel(rotationSpeed * 50);
+    robot-&gt;unlock();
@@ -117,2 +122,2 @@
-    }
-    RCLCPP_DEBUG(aNode-&gt;get_logger(), "After Spin");
+  }
+  RCLCPP_DEBUG(aNode-&gt;get_logger(), "After Spin");
@@ -120,2 +125,2 @@
-    robot-&gt;disableMotors();
-    robot-&gt;stopRunning();
+  robot-&gt;disableMotors();
+  robot-&gt;stopRunning();
@@ -123 +128 @@
-    robot-&gt;waitForRunExit();
+  robot-&gt;waitForRunExit();
@@ -126,4 +131,4 @@
-    RCLCPP_DEBUG(aNode-&gt;get_logger(), "ending Aria node");
-    Aria::exit(0);
-    return 0;
-}
+  RCLCPP_DEBUG(aNode-&gt;get_logger(), "ending Aria node");
+  Aria::exit(0);
+  return 0;
+}

1 files with code style divergence
-- run_test.py: return code 1
-- run_test.py: verify result file '/workspace/ros_ws/src/ariaNode/build/ariaNode/test_results/ariaNode/uncrustify.xunit.xml'
</Value>
				</Measurement>
			</Results>
			<Labels>
				<Label>linter</Label>
				<Label>uncrustify</Label>
			</Labels>
		</Test>
		<Test Status="failed">
			<Name>xmllint</Name>
			<Path>.</Path>
			<FullName>./xmllint</FullName>
			<FullCommandLine>/usr/bin/python3 "-u" "/opt/ros/jazzy/share/ament_cmake_test/cmake/run_test.py" "/workspace/ros_ws/src/ariaNode/build/ariaNode/test_results/ariaNode/xmllint.xunit.xml" "--package-name" "ariaNode" "--output-file" "/workspace/ros_ws/src/ariaNode/build/ariaNode/ament_xmllint/xmllint.txt" "--command" "/opt/ros/jazzy/bin/ament_xmllint" "--xunit-file" "/workspace/ros_ws/src/ariaNode/build/ariaNode/test_results/ariaNode/xmllint.xunit.xml"</FullCommandLine>
			<Results>
				<NamedMeasurement type="text/string" name="Exit Code">
					<Value>Failed</Value>
				</NamedMeasurement>
				<NamedMeasurement type="text/string" name="Exit Value">
					<Value>1</Value>
				</NamedMeasurement>
				<NamedMeasurement type="numeric/double" name="Execution Time">
					<Value>1.62152</Value>
				</NamedMeasurement>
				<NamedMeasurement type="numeric/double" name="Processors">
					<Value>1</Value>
				</NamedMeasurement>
				<NamedMeasurement type="text/string" name="Completion Status">
					<Value>Completed</Value>
				</NamedMeasurement>
				<NamedMeasurement type="text/string" name="Command Line">
					<Value>/usr/bin/python3 "-u" "/opt/ros/jazzy/share/ament_cmake_test/cmake/run_test.py" "/workspace/ros_ws/src/ariaNode/build/ariaNode/test_results/ariaNode/xmllint.xunit.xml" "--package-name" "ariaNode" "--output-file" "/workspace/ros_ws/src/ariaNode/build/ariaNode/ament_xmllint/xmllint.txt" "--command" "/opt/ros/jazzy/bin/ament_xmllint" "--xunit-file" "/workspace/ros_ws/src/ariaNode/build/ariaNode/test_results/ariaNode/xmllint.xunit.xml"</Value>
				</NamedMeasurement>
				<NamedMeasurement type="text/string" name="Environment">
					<Value>#CTEST_RESOURCE_GROUP_COUNT=</Value>
				</NamedMeasurement>
				<Measurement>
					<Value>-- run_test.py: invoking following command in '/workspace/ros_ws/src/ariaNode':
 - /opt/ros/jazzy/bin/ament_xmllint --xunit-file /workspace/ros_ws/src/ariaNode/build/ariaNode/test_results/ariaNode/xmllint.xunit.xml
File 'package.xml' is invalid:
/workspace/ros_ws/src/ariaNode/package.xml:4: element name: Schemas validity error : Element 'name': [facet 'pattern'] The value 'ariaNode' is not accepted by the pattern '[a-z](_?[a-z0-9]+)*'.
/workspace/ros_ws/src/ariaNode/package.xml fails to validate

File 'install/ariaNode/share/ariaNode/package.xml' is invalid:
/workspace/ros_ws/src/ariaNode/install/ariaNode/share/ariaNode/package.xml:4: element name: Schemas validity error : Element 'name': [facet 'pattern'] The value 'ariaNode' is not accepted by the pattern '[a-z](_?[a-z0-9]+)*'.
/workspace/ros_ws/src/ariaNode/install/ariaNode/share/ariaNode/package.xml fails to validate

2 files are invalid
-- run_test.py: return code 1
-- run_test.py: verify result file '/workspace/ros_ws/src/ariaNode/build/ariaNode/test_results/ariaNode/xmllint.xunit.xml'
</Value>
				</Measurement>
			</Results>
			<Labels>
				<Label>linter</Label>
				<Label>xmllint</Label>
			</Labels>
		</Test>
		<EndDateTime>Apr 01 03:38 UTC</EndDateTime>
		<EndTestTime>1743478709</EndTestTime>
		<ElapsedMinutes>0</ElapsedMinutes>
	</Testing>
</Site>
