[0.031s] Invoking command in '/workspace/ros_ws/src/master/build/master': CMAKE_PREFIX_PATH=${CMAKE_PREFIX_PATH}:/opt/ros/jazzy /usr/bin/cmake --build /workspace/ros_ws/src/master/build/master -- -j12 -l12
[0.325s] [ 50%] [32mBuilding CXX object CMakeFiles/master_node.dir/src/theMaster.cpp.o[0m
[0.782s] [01m[K/workspace/ros_ws/src/master/src/theMaster.cpp:25:20:[m[K [01;35m[Kwarning: [m[Kfixed-point constants are a GCC extension
[0.782s]    25 |             "joy", [01;35m[K10k[m[K std::bind(&vMaster::joyCallback, this, std::placeholders::_1));
[0.782s]       |                    [01;35m[K^~~[m[K
[2.255s] [01m[K/workspace/ros_ws/src/master/src/theMaster.cpp:19:5:[m[K [01;31m[Kerror: [m[KISO C++ forbids declaration of â€˜[01m[KvMaster[m[Kâ€™ with no type [[01;31m[K]8;;https://gcc.gnu.org/onlinedocs/gcc/Warning-Options.html#index-fpermissive-fpermissive]8;;[m[K]
[2.256s]    19 |     [01;31m[KvMaster[m[K(bool* manualbutt , bool* autobutt, bool* deadswitch) : Node("vMaster")
[2.256s]       |     [01;31m[K^~~~~~~[m[K
[2.273s] [01m[K/workspace/ros_ws/src/master/src/theMaster.cpp:[m[K In member function â€˜[01m[Kint joyreader::[01;32m[KvMaster[m[K(bool*, bool*, bool*)[m[Kâ€™:
[2.273s] [01m[K/workspace/ros_ws/src/master/src/theMaster.cpp:19:68:[m[K [01;31m[Kerror: [m[Konly constructors take member initializers
[2.273s]    19 |     vMaster(bool* manualbutt , bool* autobutt, bool* deadswitch) : [01;31m[KNode[m[K("vMaster")
[2.273s]       |                                                                    [01;31m[K^~~~[m[K
[2.274s] [01m[K/workspace/ros_ws/src/master/src/theMaster.cpp:25:20:[m[K [01;31m[Kerror: [m[Kfixed-point types not supported in C++
[2.274s]    25 |             "joy", [01;31m[K10k[m[K std::bind(&vMaster::joyCallback, this, std::placeholders::_1));
[2.274s]       |                    [01;31m[K^~~[m[K
[2.274s] [01m[K/workspace/ros_ws/src/master/src/theMaster.cpp:27:9:[m[K [01;35m[Kwarning: [m[Kno return statement in function returning non-void [[01;35m[K]8;;https://gcc.gnu.org/onlinedocs/gcc/Warning-Options.html#index-Wreturn-type-Wreturn-type]8;;[m[K]
[2.274s]    27 |         [01;35m[K}[m[K
[2.274s]       |         [01;35m[K^[m[K
[2.281s] [01m[K/workspace/ros_ws/src/master/src/theMaster.cpp:[m[K In member function â€˜[01m[Kvoid joyreader::[01;32m[KjoyCallback[m[K(sensor_msgs::msg::Joy_<std::allocator<void> >::SharedPtr)[m[Kâ€™:
[2.281s] [01m[K/workspace/ros_ws/src/master/src/theMaster.cpp:31:11:[m[K [01;31m[Kerror: [m[Kâ€˜[01m[Kmubtt[m[Kâ€™ was not declared in this scope; did you mean â€˜[01m[Kmbutt[m[Kâ€™?
[2.281s]    31 |           [01;31m[Kmubtt[m[K = msg->buttons[1];
[2.282s]       |           [01;31m[K^~~~~[m[K
[2.282s]       |           [32m[Kmbutt[m[K
[2.282s] [01m[K/workspace/ros_ws/src/master/src/theMaster.cpp:32:33:[m[K [01;31m[Kerror: [m[Kinvalid conversion from â€˜[01m[K__gnu_cxx::__alloc_traits<std::allocator<int>, int>::value_type[m[Kâ€™ {aka â€˜[01m[Kint[m[Kâ€™} to â€˜[01m[Kbool*[m[Kâ€™ [[01;31m[K]8;;https://gcc.gnu.org/onlinedocs/gcc/Warning-Options.html#index-fpermissive-fpermissive]8;;[m[K]
[2.282s]    32 |           abutt = msg->buttons[2[01;31m[K][m[K;
[2.282s]       |                                 [01;31m[K^[m[K
[2.282s]       |                                 [01;31m[K|[m[K
[2.282s]       |                                 [01;31m[K__gnu_cxx::__alloc_traits<std::allocator<int>, int>::value_type {aka int}[m[K
[3.937s] gmake[2]: *** [CMakeFiles/master_node.dir/build.make:76: CMakeFiles/master_node.dir/src/theMaster.cpp.o] Error 1
[3.938s] gmake[1]: *** [CMakeFiles/Makefile2:137: CMakeFiles/master_node.dir/all] Error 2
[3.938s] gmake: *** [Makefile:146: all] Error 2
[3.940s] Invoked command in '/workspace/ros_ws/src/master/build/master' returned '2': CMAKE_PREFIX_PATH=${CMAKE_PREFIX_PATH}:/opt/ros/jazzy /usr/bin/cmake --build /workspace/ros_ws/src/master/build/master -- -j12 -l12
