[0.512s] Invoking command in '/workspace/ros_ws/build/nav2_sms_behavior': CMAKE_PREFIX_PATH=${CMAKE_PREFIX_PATH}:/workspace/ros_ws/install/nav2_gps_waypoint_follower_demo:/opt/ros/jazzy /usr/bin/cmake /workspace/ros_ws/src/nav2_sms_behavior -DAMENT_CMAKE_SYMLINK_INSTALL=1 -DCMAKE_INSTALL_PREFIX=/workspace/ros_ws/install/nav2_sms_behavior
[0.552s] -- Found ament_cmake: 2.5.3 (/opt/ros/jazzy/share/ament_cmake/cmake)
[0.635s] -- Found Python3: /usr/bin/python3 (found version "3.12.3") found components: Interpreter 
[0.837s] -- Override CMake install command with custom implementation using symlinks instead of copying resources
[0.853s] -- Found rclcpp: 28.1.6 (/opt/ros/jazzy/share/rclcpp/cmake)
[0.935s] -- Found rosidl_generator_c: 4.6.5 (/opt/ros/jazzy/share/rosidl_generator_c/cmake)
[0.962s] -- Found rosidl_generator_cpp: 4.6.5 (/opt/ros/jazzy/share/rosidl_generator_cpp/cmake)
[1.024s] -- Using all available rosidl_typesupport_c: rosidl_typesupport_fastrtps_c;rosidl_typesupport_introspection_c
[1.084s] -- Using all available rosidl_typesupport_cpp: rosidl_typesupport_fastrtps_cpp;rosidl_typesupport_introspection_cpp
[1.341s] -- Found rmw_implementation_cmake: 7.3.1 (/opt/ros/jazzy/share/rmw_implementation_cmake/cmake)
[1.348s] -- Found rmw_fastrtps_cpp: 8.4.1 (/opt/ros/jazzy/share/rmw_fastrtps_cpp/cmake)
[1.655s] -- Using RMW implementation 'rmw_fastrtps_cpp' as default
[1.857s] -- Found rclcpp_action: 28.1.6 (/opt/ros/jazzy/share/rclcpp_action/cmake)
[1.984s] -- Found rclcpp_lifecycle: 28.1.6 (/opt/ros/jazzy/share/rclcpp_lifecycle/cmake)
[2.028s] -- Found std_msgs: 5.3.5 (/opt/ros/jazzy/share/std_msgs/cmake)
[2.057s] -- Found visualization_msgs: 5.3.5 (/opt/ros/jazzy/share/visualization_msgs/cmake)
[2.235s] -- Found nav2_util: 1.3.6 (/opt/ros/jazzy/share/nav2_util/cmake)
[2.635s] -- Found eigen3_cmake_module: 0.3.0 (/opt/ros/jazzy/share/eigen3_cmake_module/cmake)
[2.643s] -- Ensuring Eigen3 include directory is part of orocos-kdl CMake target
[2.861s] -- Found nav2_costmap_2d: 1.3.6 (/opt/ros/jazzy/share/nav2_costmap_2d/cmake)
[3.075s] -- Found nav2_core: 1.3.6 (/opt/ros/jazzy/share/nav2_core/cmake)
[3.181s] -- Found nav2_behaviors: 1.3.6 (/opt/ros/jazzy/share/nav2_behaviors/cmake)
[3.262s] -- Found rosidl_default_generators: 1.6.0 (/opt/ros/jazzy/share/rosidl_default_generators/cmake)
[3.312s] -- Found rosidl_adapter: 4.6.5 (/opt/ros/jazzy/share/rosidl_adapter/cmake)
[4.025s] -- Found ament_cmake_ros: 0.12.0 (/opt/ros/jazzy/share/ament_cmake_ros/cmake)
[4.484s] -- Using all available rosidl_typesupport_c: rosidl_typesupport_fastrtps_c;rosidl_typesupport_introspection_c
[4.639s] -- Using all available rosidl_typesupport_cpp: rosidl_typesupport_fastrtps_cpp;rosidl_typesupport_introspection_cpp
[4.643s] -- Found python_cmake_module: 0.11.1 (/opt/ros/jazzy/share/python_cmake_module/cmake)
[5.063s] -- Found Python3: /usr/bin/python3 (found version "3.12.3") found components: Interpreter Development NumPy Development.Module Development.Embed 
[5.274s] -- Found ament_lint_auto: 0.17.1 (/opt/ros/jazzy/share/ament_lint_auto/cmake)
[5.322s] -- Added test 'copyright' to check source files copyright and LICENSE
[5.323s] -- Added test 'cppcheck' to perform static code analysis on C / C++ code
[5.324s] -- Configured cppcheck include dirs: /workspace/ros_ws/src/nav2_sms_behavior/include
[5.325s] -- Configured cppcheck exclude dirs and/or files: 
[5.325s] -- Added test 'cpplint' to check C / C++ code against the Google style
[5.325s] -- Configured cpplint exclude dirs and/or files: 
[5.326s] -- Added test 'lint_cmake' to check CMake code style
[5.327s] -- Added test 'uncrustify' to check C / C++ code style
[5.328s] -- Configured uncrustify additional arguments: 
[5.328s] -- Added test 'xmllint' to check XML markup files
[5.335s] -- Configuring done (4.8s)
[5.497s] -- Generating done (0.1s)
[5.523s] -- Build files have been written to: /workspace/ros_ws/build/nav2_sms_behavior
[5.542s] Invoked command in '/workspace/ros_ws/build/nav2_sms_behavior' returned '0': CMAKE_PREFIX_PATH=${CMAKE_PREFIX_PATH}:/workspace/ros_ws/install/nav2_gps_waypoint_follower_demo:/opt/ros/jazzy /usr/bin/cmake /workspace/ros_ws/src/nav2_sms_behavior -DAMENT_CMAKE_SYMLINK_INSTALL=1 -DCMAKE_INSTALL_PREFIX=/workspace/ros_ws/install/nav2_sms_behavior
[5.544s] Invoking command in '/workspace/ros_ws/build/nav2_sms_behavior': CMAKE_PREFIX_PATH=${CMAKE_PREFIX_PATH}:/workspace/ros_ws/install/nav2_gps_waypoint_follower_demo:/opt/ros/jazzy /usr/bin/cmake --build /workspace/ros_ws/build/nav2_sms_behavior -- -j12 -l12
[5.603s] failed to create symbolic link '/workspace/ros_ws/build/nav2_sms_behavior/ament_cmake_python/nav2_sms_behavior/nav2_sms_behavior' because existing path cannot be removed: Is a directory
[5.604s] gmake[2]: *** [CMakeFiles/ament_cmake_python_symlink_nav2_sms_behavior.dir/build.make:70: CMakeFiles/ament_cmake_python_symlink_nav2_sms_behavior] Error 1
[5.605s] gmake[1]: *** [CMakeFiles/Makefile2:454: CMakeFiles/ament_cmake_python_symlink_nav2_sms_behavior.dir/all] Error 2
[5.605s] gmake[1]: *** Waiting for unfinished jobs....
[5.607s] [  2%] Built target nav2_sms_behavior__rosidl_generator_type_description
[5.609s] gmake: *** [Makefile:146: all] Error 2
[5.611s] Invoked command in '/workspace/ros_ws/build/nav2_sms_behavior' returned '2': CMAKE_PREFIX_PATH=${CMAKE_PREFIX_PATH}:/workspace/ros_ws/install/nav2_gps_waypoint_follower_demo:/opt/ros/jazzy /usr/bin/cmake --build /workspace/ros_ws/build/nav2_sms_behavior -- -j12 -l12
