[01m[K/workspace/ros_ws/src/master/src/theMaster.cpp:[m[K In function â€˜[01m[Kvoid[01;32m[K my_handler[m[K(int)[m[Kâ€™:
[01m[K/workspace/ros_ws/src/master/src/theMaster.cpp:83:12:[m[K [01;31m[Kerror: [m[Kâ€˜[01m[Kfallse[m[Kâ€™ was not declared in this scope; did you mean â€˜[01m[Kfclose[m[Kâ€™?
   83 |   active = [01;31m[Kfallse[m[K;
      |            [01;31m[K^~~~~~[m[K
      |            [32m[Kfclose[m[K
gmake[2]: *** [CMakeFiles/master_node.dir/build.make:76: CMakeFiles/master_node.dir/src/theMaster.cpp.o] Error 1
gmake[1]: *** [CMakeFiles/Makefile2:137: CMakeFiles/master_node.dir/all] Error 2
gmake: *** [Makefile:146: all] Error 2
