[01m[K/workspace/ros_ws/src/master/src/theMaster.cpp:[m[K In member function â€˜[01m[Kstd::vector<float*> reTwist::[01;32m[Kgetvalues[m[K(int*)[m[Kâ€™:
[01m[K/workspace/ros_ws/src/master/src/theMaster.cpp:110:14:[m[K [01;31m[Kerror: [m[Kswitch quantity not an integer
  110 |       switch([01;31m[Kmode[m[K)
      |              [01;31m[K^~~~[m[K
[01m[K/workspace/ros_ws/src/master/src/theMaster.cpp:[m[K In function â€˜[01m[Kint[01;32m[K main[m[K(int, char**)[m[Kâ€™:
[01m[K/workspace/ros_ws/src/master/src/theMaster.cpp:168:46:[m[K [01;31m[Kerror: [m[Kâ€˜[01m[KfS[m[Kâ€™ was not declared in this scope
  168 |   auto MoveNode = std::make_shared<reTwist>(&[01;31m[KfS[m[K, &rS, &mode);
      |                                              [01;31m[K^~[m[K
[01m[K/workspace/ros_ws/src/master/src/theMaster.cpp:168:51:[m[K [01;31m[Kerror: [m[Kâ€˜[01m[KrS[m[Kâ€™ was not declared in this scope
  168 |   auto MoveNode = std::make_shared<reTwist>(&fS, &[01;31m[KrS[m[K, &mode);
      |                                                   [01;31m[K^~[m[K
In file included from [01m[K/usr/include/c++/13/vector:65[m[K,
                 from [01m[K/usr/include/c++/13/functional:64[m[K,
                 from [01m[K/workspace/ros_ws/src/master/src/theMaster.cpp:3[m[K:
/usr/include/c++/13/bits/stl_uninitialized.h: In instantiation of â€˜[01m[Kconstexpr bool std::[01;32m[K__check_constructible[m[K() [35m[K[with _ValueType = float*; _Tp = float&][m[K[m[Kâ€™:
[01m[K/usr/include/c++/13/bits/stl_uninitialized.h:182:4:[m[K   required from â€˜[01m[K_ForwardIterator std::[01;32m[Kuninitialized_copy[m[K(_InputIterator, _InputIterator, _ForwardIterator) [35m[K[with _InputIterator = float*; _ForwardIterator = float**][m[K[m[Kâ€™
[01m[K/usr/include/c++/13/bits/stl_uninitialized.h:373:37:[m[K   required from â€˜[01m[K_ForwardIterator std::[01;32m[K__uninitialized_copy_a[m[K(_InputIterator, _InputIterator, _ForwardIterator, allocator<_Tp>&) [35m[K[with _InputIterator = float*; _ForwardIterator = float**; _Tp = float*][m[K[m[Kâ€™
[01m[K/usr/include/c++/13/bits/stl_vector.h:1695:33:[m[K   required from â€˜[01m[Kvoid std::vector<_Tp, _Alloc>::[01;32m[K_M_range_initialize[m[K(_ForwardIterator, _ForwardIterator, std::forward_iterator_tag) [35m[K[with _ForwardIterator = float*; _Tp = float*; _Alloc = std::allocator<float*>][m[K[m[Kâ€™
[01m[K/usr/include/c++/13/bits/stl_vector.h:711:23:[m[K   required from â€˜[01m[Kstd::vector<_Tp, _Alloc>::[01;32m[Kvector[m[K(_InputIterator, _InputIterator, const allocator_type&) [35m[K[with _InputIterator = float*; <template-parameter-2-2> = void; _Tp = float*; _Alloc = std::allocator<float*>; allocator_type = std::allocator<float*>][m[K[m[Kâ€™
[01m[K/workspace/ros_ws/src/master/src/theMaster.cpp:113:53:[m[K   required from here
[01m[K/usr/include/c++/13/bits/stl_uninitialized.h:90:56:[m[K [01;31m[Kerror: [m[Kstatic assertion failed: result type must be constructible from input type
   90 |       static_assert(is_constructible<_ValueType, _Tp>::[01;31m[Kvalue[m[K,
      |                                                        [01;31m[K^~~~~[m[K
[01m[K/usr/include/c++/13/bits/stl_uninitialized.h:90:56:[m[K [01;36m[Knote: [m[Kâ€˜[01m[Kstd::integral_constant<bool, false>::value[m[Kâ€™ evaluates to false
gmake[2]: *** [CMakeFiles/master_node.dir/build.make:76: CMakeFiles/master_node.dir/src/theMaster.cpp.o] Error 1
gmake[1]: *** [CMakeFiles/Makefile2:137: CMakeFiles/master_node.dir/all] Error 2
gmake: *** [Makefile:146: all] Error 2
