[0.019s] Invoking command in '/workspace/ros_ws/src/master/build/master': CMAKE_PREFIX_PATH=${CMAKE_PREFIX_PATH}:/opt/ros/jazzy /usr/bin/cmake --build /workspace/ros_ws/src/master/build/master -- -j12 -l12
[0.064s] [ 50%] [32mBuilding CXX object CMakeFiles/master_node.dir/src/theMaster.cpp.o[0m
[1.633s] [01m[K/workspace/ros_ws/src/master/src/theMaster.cpp:19:5:[m[K [01;31m[Kerror: [m[KISO C++ forbids declaration of â€˜[01m[KvMaster[m[Kâ€™ with no type [[01;31m[K]8;;https://gcc.gnu.org/onlinedocs/gcc/Warning-Options.html#index-fpermissive-fpermissive]8;;[m[K]
[1.633s]    19 |     [01;31m[KvMaster[m[K(bool* manualbutt , bool* autobutt, bool* deadswitch) : Node("vMaster")
[1.633s]       |     [01;31m[K^~~~~~~[m[K
[1.650s] [01m[K/workspace/ros_ws/src/master/src/theMaster.cpp:[m[K In member function â€˜[01m[Kint joyreader::[01;32m[KvMaster[m[K(bool*, bool*, bool*)[m[Kâ€™:
[1.650s] [01m[K/workspace/ros_ws/src/master/src/theMaster.cpp:19:68:[m[K [01;31m[Kerror: [m[Konly constructors take member initializers
[1.650s]    19 |     vMaster(bool* manualbutt , bool* autobutt, bool* deadswitch) : [01;31m[KNode[m[K("vMaster")
[1.650s]       |                                                                    [01;31m[K^~~~[m[K
[1.650s] [01m[K/workspace/ros_ws/src/master/src/theMaster.cpp:25:23:[m[K [01;31m[Kerror: [m[Kexpected â€˜[01m[K)[m[Kâ€™ before â€˜[01m[Kstd[m[Kâ€™
[1.650s]    25 |             "joy", 10 [01;31m[Kstd[m[K::bind(&vMaster::joyCallback, this, std::placeholders::_1));
[1.650s]       |                       [01;31m[K^~~[m[K
[1.650s] [01m[K/workspace/ros_ws/src/master/src/theMaster.cpp:24:64:[m[K [01;36m[Knote: [m[Kto match this â€˜[01m[K([m[Kâ€™
[1.650s]    24 |           joy_sub = create_subscription<sensor_msgs::msg::Joy> [01;36m[K([m[K
[1.650s]       |                                                                [01;36m[K^[m[K
[1.663s] [01m[K/workspace/ros_ws/src/master/src/theMaster.cpp:24:64:[m[K [01;31m[Kerror: [m[Kno matching function for call to â€˜[01m[Kjoyreader::create_subscription<sensor_msgs::msg::Joy>(const char [4], int)[m[Kâ€™
[1.663s]    24 |           joy_sub = [01;31m[Kcreate_subscription<sensor_msgs::msg::Joy> ([m[K
[1.663s]       |                     [01;31m[K~~~~~~~~~~~~~~~~~~~~~~~~~~~~~~~~~~~~~~~~~~~^[m[K
[1.663s]    25 | [01;31m[K            "joy", 10 std[m[K::bind(&vMaster::joyCallback, this, std::placeholders::_1));
[1.664s]       |             [01;31m[K~~~~~~~~~~~~~[m[K                                       
[1.664s] In file included from [01m[K/opt/ros/jazzy/include/rclcpp/rclcpp/executors/single_threaded_executor.hpp:28[m[K,
[1.664s]                  from [01m[K/opt/ros/jazzy/include/rclcpp/rclcpp/executors.hpp:22[m[K,
[1.664s]                  from [01m[K/opt/ros/jazzy/include/rclcpp/rclcpp/rclcpp.hpp:172[m[K,
[1.664s]                  from [01m[K/workspace/ros_ws/src/master/src/theMaster.cpp:8[m[K:
[1.664s] [01m[K/opt/ros/jazzy/include/rclcpp/rclcpp/node.hpp:221:3:[m[K [01;36m[Knote: [m[Kcandidate: â€˜[01m[Ktemplate<class MessageT, class CallbackT, class AllocatorT, class SubscriptionT, class MessageMemoryStrategyT> std::shared_ptr<ROSMessageT> rclcpp::Node::[01;32m[Kcreate_subscription[m[K(const std::string&, const rclcpp::QoS&, CallbackT&&, const rclcpp::SubscriptionOptionsWithAllocator<AllocatorT>&, typename MessageMemoryStrategyT::SharedPtr)[m[Kâ€™
[1.664s]   221 |   [01;36m[Kcreate_subscription[m[K(
[1.664s]       |   [01;36m[K^~~~~~~~~~~~~~~~~~~[m[K
[1.664s] [01m[K/opt/ros/jazzy/include/rclcpp/rclcpp/node.hpp:221:3:[m[K [01;36m[Knote: [m[K  candidate expects 3 arguments, 2 provided
[1.664s] [01m[K/workspace/ros_ws/src/master/src/theMaster.cpp:27:9:[m[K [01;35m[Kwarning: [m[Kno return statement in function returning non-void [[01;35m[K]8;;https://gcc.gnu.org/onlinedocs/gcc/Warning-Options.html#index-Wreturn-type-Wreturn-type]8;;[m[K]
[1.664s]    27 |         [01;35m[K}[m[K
[1.664s]       |         [01;35m[K^[m[K
[3.397s] gmake[2]: *** [CMakeFiles/master_node.dir/build.make:76: CMakeFiles/master_node.dir/src/theMaster.cpp.o] Error 1
[3.398s] gmake[1]: *** [CMakeFiles/Makefile2:137: CMakeFiles/master_node.dir/all] Error 2
[3.398s] gmake: *** [Makefile:146: all] Error 2
[3.400s] Invoked command in '/workspace/ros_ws/src/master/build/master' returned '2': CMAKE_PREFIX_PATH=${CMAKE_PREFIX_PATH}:/opt/ros/jazzy /usr/bin/cmake --build /workspace/ros_ws/src/master/build/master -- -j12 -l12
