[01m[K/workspace/ros_ws/src/master/src/theMaster.cpp:[m[K In lambda function:
[01m[K/workspace/ros_ws/src/master/src/theMaster.cpp:86:34:[m[K [01;31m[Kerror: [m[Kinvalid type argument of unary â€˜[01m[K*[m[Kâ€™ (have â€˜[01m[Kfloat[m[Kâ€™)
   86 |               message.linear.x = [01;31m[K*empty[m[K;
      |                                  [01;31m[K^~~~~~[m[K
[01m[K/workspace/ros_ws/src/master/src/theMaster.cpp:87:35:[m[K [01;31m[Kerror: [m[Kinvalid type argument of unary â€˜[01m[K*[m[Kâ€™ (have â€˜[01m[Kfloat[m[Kâ€™)
   87 |               message.angular.z = [01;31m[K*empty[m[K;
      |                                   [01;31m[K^~~~~~[m[K
[01m[K/workspace/ros_ws/src/master/src/theMaster.cpp:[m[K In constructor â€˜[01m[KreTwist::[01;32m[KreTwist[m[K(float*, float*, int*)[m[Kâ€™:
[01m[K/workspace/ros_ws/src/master/src/theMaster.cpp:57:20:[m[K [01;35m[Kwarning: [m[Kunused parameter â€˜[01m[Kfspeed[m[Kâ€™ [[01;35m[K]8;;https://gcc.gnu.org/onlinedocs/gcc/Warning-Options.html#index-Wunused-parameter-Wunused-parameter]8;;[m[K]
   57 |     reTwist([01;35m[Kfloat* fspeed[m[K, float* rspeed, int* mode) : Node("reTwist"), count_(0)
      |             [01;35m[K~~~~~~~^~~~~~[m[K
[01m[K/workspace/ros_ws/src/master/src/theMaster.cpp:57:35:[m[K [01;35m[Kwarning: [m[Kunused parameter â€˜[01m[Krspeed[m[Kâ€™ [[01;35m[K]8;;https://gcc.gnu.org/onlinedocs/gcc/Warning-Options.html#index-Wunused-parameter-Wunused-parameter]8;;[m[K]
   57 |     reTwist(float* fspeed, [01;35m[Kfloat* rspeed[m[K, int* mode) : Node("reTwist"), count_(0)
      |                            [01;35m[K~~~~~~~^~~~~~[m[K
gmake[2]: *** [CMakeFiles/master_node.dir/build.make:76: CMakeFiles/master_node.dir/src/theMaster.cpp.o] Error 1
gmake[1]: *** [CMakeFiles/Makefile2:137: CMakeFiles/master_node.dir/all] Error 2
gmake: *** [Makefile:146: all] Error 2
