[01m[K/workspace/ros_ws/src/master/src/theMaster.cpp:[m[K In constructor â€˜[01m[KreTwist::[01;32m[KreTwist[m[K(bool*, float*, float*)[m[Kâ€™:
[01m[K/workspace/ros_ws/src/master/src/theMaster.cpp:41:5:[m[K [01;31m[Kerror: [m[Kâ€˜[01m[KcmdVelSub[m[Kâ€™ was not declared in this scope
   41 |     [01;31m[KcmdVelSub[m[K = create_subscription<geometry_msgs::msg::Twist> (
      |     [01;31m[K^~~~~~~~~[m[K
gmake[2]: *** [CMakeFiles/master_node.dir/build.make:76: CMakeFiles/master_node.dir/src/theMaster.cpp.o] Error 1
gmake[1]: *** [CMakeFiles/Makefile2:137: CMakeFiles/master_node.dir/all] Error 2
gmake: *** [Makefile:146: all] Error 2
