[0.012s] Invoking command in '/workspace/ros_ws/src/master/build/master': CMAKE_PREFIX_PATH=${CMAKE_PREFIX_PATH}:/opt/ros/jazzy /usr/bin/cmake --build /workspace/ros_ws/src/master/build/master -- -j12 -l12
[0.068s] [ 50%] [32mBuilding CXX object CMakeFiles/master_node.dir/src/theMaster.cpp.o[0m
[1.859s] [01m[K/workspace/ros_ws/src/master/src/theMaster.cpp:[m[K In constructor â€˜[01m[KreTwist::[01;32m[KreTwist[m[K(float*, float*, int*)[m[Kâ€™:
[1.859s] [01m[K/workspace/ros_ws/src/master/src/theMaster.cpp:59:7:[m[K [01;31m[Kerror: [m[Kâ€˜[01m[Kf[m[Kâ€™ was not declared in this scope
[1.859s]    59 |       [01;31m[Kf[m[K = fspeed;
[1.859s]       |       [01;31m[K^[m[K
[1.862s] [01m[K/workspace/ros_ws/src/master/src/theMaster.cpp:60:7:[m[K [01;31m[Kerror: [m[Kâ€˜[01m[Kr[m[Kâ€™ was not declared in this scope
[1.862s]    60 |       [01;31m[Kr[m[K = rspeed;
[1.862s]       |       [01;31m[K^[m[K
[1.869s] [01m[K/workspace/ros_ws/src/master/src/theMaster.cpp:[m[K In lambda function:
[1.869s] [01m[K/workspace/ros_ws/src/master/src/theMaster.cpp:76:33:[m[K [01;31m[Kerror: [m[Kcannot convert â€˜[01m[K__gnu_cxx::__alloc_traits<std::allocator<float*>, float*>::value_type[m[Kâ€™ {aka â€˜[01m[Kfloat*[m[Kâ€™} to â€˜[01m[Kgeometry_msgs::msg::Vector3_<std::allocator<void> >::_x_type[m[Kâ€™ {aka â€˜[01m[Kdouble[m[Kâ€™} in assignment
[1.869s]    76 |           message.linear.x = v[0[01;31m[K][m[K;
[1.869s]       |                                 [01;31m[K^[m[K
[1.869s] [01m[K/workspace/ros_ws/src/master/src/theMaster.cpp:77:34:[m[K [01;31m[Kerror: [m[Kcannot convert â€˜[01m[K__gnu_cxx::__alloc_traits<std::allocator<float*>, float*>::value_type[m[Kâ€™ {aka â€˜[01m[Kfloat*[m[Kâ€™} to â€˜[01m[Kgeometry_msgs::msg::Vector3_<std::allocator<void> >::_z_type[m[Kâ€™ {aka â€˜[01m[Kdouble[m[Kâ€™} in assignment
[1.869s]    77 |           message.angular.z = v[1[01;31m[K][m[K;
[1.869s]       |                                  [01;31m[K^[m[K
[1.874s] [01m[K/workspace/ros_ws/src/master/src/theMaster.cpp:[m[K In member function â€˜[01m[Kstd::vector<float*> reTwist::[01;32m[Kgetvalues[m[K(int*)[m[Kâ€™:
[1.874s] [01m[K/workspace/ros_ws/src/master/src/theMaster.cpp:112:14:[m[K [01;31m[Kerror: [m[Kswitch quantity not an integer
[1.874s]   112 |       switch([01;31m[Kmode[m[K)
[1.874s]       |              [01;31m[K^~~~[m[K
[2.262s] In file included from [01m[K/usr/include/c++/13/vector:65[m[K,
[2.262s]                  from [01m[K/usr/include/c++/13/functional:64[m[K,
[2.262s]                  from [01m[K/workspace/ros_ws/src/master/src/theMaster.cpp:3[m[K:
[2.262s] /usr/include/c++/13/bits/stl_uninitialized.h: In instantiation of â€˜[01m[Kconstexpr bool std::[01;32m[K__check_constructible[m[K() [35m[K[with _ValueType = float*; _Tp = float&][m[K[m[Kâ€™:
[2.262s] [01m[K/usr/include/c++/13/bits/stl_uninitialized.h:182:4:[m[K   required from â€˜[01m[K_ForwardIterator std::[01;32m[Kuninitialized_copy[m[K(_InputIterator, _InputIterator, _ForwardIterator) [35m[K[with _InputIterator = float*; _ForwardIterator = float**][m[K[m[Kâ€™
[2.262s] [01m[K/usr/include/c++/13/bits/stl_uninitialized.h:373:37:[m[K   required from â€˜[01m[K_ForwardIterator std::[01;32m[K__uninitialized_copy_a[m[K(_InputIterator, _InputIterator, _ForwardIterator, allocator<_Tp>&) [35m[K[with _InputIterator = float*; _ForwardIterator = float**; _Tp = float*][m[K[m[Kâ€™
[2.262s] [01m[K/usr/include/c++/13/bits/stl_vector.h:1695:33:[m[K   required from â€˜[01m[Kvoid std::vector<_Tp, _Alloc>::[01;32m[K_M_range_initialize[m[K(_ForwardIterator, _ForwardIterator, std::forward_iterator_tag) [35m[K[with _ForwardIterator = float*; _Tp = float*; _Alloc = std::allocator<float*>][m[K[m[Kâ€™
[2.263s] [01m[K/usr/include/c++/13/bits/stl_vector.h:711:23:[m[K   required from â€˜[01m[Kstd::vector<_Tp, _Alloc>::[01;32m[Kvector[m[K(_InputIterator, _InputIterator, const allocator_type&) [35m[K[with _InputIterator = float*; <template-parameter-2-2> = void; _Tp = float*; _Alloc = std::allocator<float*>; allocator_type = std::allocator<float*>][m[K[m[Kâ€™
[2.263s] [01m[K/workspace/ros_ws/src/master/src/theMaster.cpp:115:53:[m[K   required from here
[2.263s] [01m[K/usr/include/c++/13/bits/stl_uninitialized.h:90:56:[m[K [01;31m[Kerror: [m[Kstatic assertion failed: result type must be constructible from input type
[2.263s]    90 |       static_assert(is_constructible<_ValueType, _Tp>::[01;31m[Kvalue[m[K,
[2.263s]       |                                                        [01;31m[K^~~~~[m[K
[2.263s] [01m[K/usr/include/c++/13/bits/stl_uninitialized.h:90:56:[m[K [01;36m[Knote: [m[Kâ€˜[01m[Kstd::integral_constant<bool, false>::value[m[Kâ€™ evaluates to false
[4.422s] gmake[2]: *** [CMakeFiles/master_node.dir/build.make:76: CMakeFiles/master_node.dir/src/theMaster.cpp.o] Error 1
[4.422s] gmake[1]: *** [CMakeFiles/Makefile2:137: CMakeFiles/master_node.dir/all] Error 2
[4.422s] gmake: *** [Makefile:146: all] Error 2
[4.428s] Invoked command in '/workspace/ros_ws/src/master/build/master' returned '2': CMAKE_PREFIX_PATH=${CMAKE_PREFIX_PATH}:/opt/ros/jazzy /usr/bin/cmake --build /workspace/ros_ws/src/master/build/master -- -j12 -l12
